Command line: /Users/cmdb/miniconda3/bin/spades.py	--only-assembler	-o	/Users/cmdb/qbb2019-answers/week2_folder/velveth_directory	-1	/Users/cmdb/qbb2019-answers/week2_folder/reads_low_1.fastq	-2	/Users/cmdb/qbb2019-answers/week2_folder/reads_low_2.fastq	

System information:
  SPAdes version: 3.13.1
  Python version: 3.6.7
  OS: Darwin-18.7.0-x86_64-i386-64bit

Output dir: /Users/cmdb/qbb2019-answers/week2_folder/velveth_directory
Mode: ONLY assembling (without read error correction)
Debug mode is turned OFF

Dataset parameters:
  Multi-cell mode (you should set '--sc' flag if input data was obtained with MDA (single-cell) technology or --meta flag if processing metagenomic dataset)
  Reads:
    Library number: 1, library type: paired-end
      orientation: fr
      left reads: ['/Users/cmdb/qbb2019-answers/week2_folder/reads_low_1.fastq']
      right reads: ['/Users/cmdb/qbb2019-answers/week2_folder/reads_low_2.fastq']
      interlaced reads: not specified
      single reads: not specified
      merged reads: not specified
Assembly parameters:
  k: automatic selection based on read length
  Repeat resolution is enabled
  Mismatch careful mode is turned OFF
  MismatchCorrector will be SKIPPED
  Coverage cutoff is turned OFF
Other parameters:
  Dir for temp files: /Users/cmdb/qbb2019-answers/week2_folder/velveth_directory/tmp
  Threads: 16
  Memory limit (in Gb): 250


======= SPAdes pipeline started. Log can be found here: /Users/cmdb/qbb2019-answers/week2_folder/velveth_directory/spades.log


===== Assembling started.


== Running assembler: K21

  0:00:00.000     4M / 4M    INFO    General                 (main.cpp                  :  74)   Loaded config from /Users/cmdb/qbb2019-answers/week2_folder/velveth_directory/K21/configs/config.info
  0:00:00.000     4M / 4M    INFO    General                 (memory_limit.cpp          :  49)   Memory limit set to 250 Gb
  0:00:00.000     4M / 4M    INFO    General                 (main.cpp                  :  87)   Starting SPAdes, built from N/A, git revision N/A
  0:00:00.000     4M / 4M    INFO    General                 (main.cpp                  :  88)   Maximum k-mer length: 128
  0:00:00.000     4M / 4M    INFO    General                 (main.cpp                  :  89)   Assembling dataset (/Users/cmdb/qbb2019-answers/week2_folder/velveth_directory/dataset.info) with K=21
  0:00:00.000     4M / 4M    INFO    General                 (main.cpp                  :  90)   Maximum # of threads to use (adjusted due to OMP capabilities): 4
  0:00:00.000     4M / 4M    INFO    General                 (launch.hpp                :  52)   SPAdes started
  0:00:00.000     4M / 4M    INFO    General                 (launch.hpp                :  59)   Starting from stage: construction
  0:00:00.000     4M / 4M    INFO    General                 (launch.hpp                :  66)   Two-step RR enabled: 0
  0:00:00.000     4M / 4M    INFO   StageManager             (stage.cpp                 : 132)   STAGE == de Bruijn graph construction
  0:00:00.000     4M / 4M    INFO    General                 (read_converter.hpp        :  77)   Converting reads to binary format for library #0 (takes a while)
  0:00:00.000     4M / 4M    INFO    General                 (read_converter.hpp        :  78)   Converting paired reads
  0:00:00.083    68M / 84M   INFO    General                 (binary_converter.hpp      : 117)   1000 reads written
  0:00:00.088     4M / 84M   INFO    General                 (read_converter.hpp        :  87)   Converting single reads
  0:00:00.185   132M / 164M  INFO    General                 (binary_converter.hpp      : 117)   0 reads written
  0:00:00.190     4M / 164M  INFO    General                 (read_converter.hpp        :  95)   Converting merged reads
  0:00:00.285   132M / 164M  INFO    General                 (binary_converter.hpp      : 117)   0 reads written
  0:00:00.296     4M / 164M  INFO    General                 (construction.cpp          : 111)   Max read length 100
  0:00:00.296     4M / 164M  INFO    General                 (construction.cpp          : 117)   Average read length 93.3625
  0:00:00.296     4M / 164M  INFO    General                 (stage.cpp                 : 101)   PROCEDURE == k+1-mer counting
  0:00:00.296     4M / 164M  INFO    General                 (kmer_index_builder.hpp    : 117)   Splitting kmer instances into 16 files using 4 threads. This might take a while.
  0:00:00.296     4M / 164M  INFO    General                 (file_limit.hpp            :  32)   Open file limit set to 256
  0:00:00.296     4M / 164M  INFO    General                 (kmer_splitters.hpp        :  89)   Memory available for splitting buffers: 20.833 Gb
  0:00:00.296     4M / 164M  INFO    General                 (kmer_splitters.hpp        :  97)   Using cell size of 4194304
  0:00:00.310     2G / 2G    INFO    General                 (kmer_splitters.hpp        : 295)   Adding contigs from previous K
  0:00:00.310    16M / 2G    INFO    General                 (kmer_splitters.hpp        : 308)   Used 4000 reads
  0:00:00.310    16M / 2G    INFO    General                 (kmer_index_builder.hpp    : 120)   Starting k-mer counting.
  0:00:00.334    16M / 2G    INFO    General                 (kmer_index_builder.hpp    : 127)   K-mer counting done. There are 74691 kmers in total.
  0:00:00.334    16M / 2G    INFO    General                 (kmer_index_builder.hpp    : 133)   Merging temporary buckets.
  0:00:00.343    16M / 2G    INFO    General                 (stage.cpp                 : 101)   PROCEDURE == Extension index construction
  0:00:00.343    16M / 2G    INFO   K-mer Index Building     (kmer_index_builder.hpp    : 301)   Building kmer index
  0:00:00.344    16M / 2G    INFO    General                 (kmer_index_builder.hpp    : 117)   Splitting kmer instances into 64 files using 4 threads. This might take a while.
  0:00:00.344    16M / 2G    INFO    General                 (file_limit.hpp            :  32)   Open file limit set to 256
  0:00:00.344    16M / 2G    INFO    General                 (kmer_splitters.hpp        :  89)   Memory available for splitting buffers: 20.832 Gb
  0:00:00.344    16M / 2G    INFO    General                 (kmer_splitters.hpp        :  97)   Using cell size of 1048576
  0:00:00.381     3G / 3G    INFO    General                 (kmer_splitters.hpp        : 380)   Processed 74691 kmers
  0:00:00.381     3G / 3G    INFO    General                 (kmer_splitters.hpp        : 385)   Used 74691 kmers.
  0:00:00.383    16M / 3G    INFO    General                 (kmer_index_builder.hpp    : 120)   Starting k-mer counting.
  0:00:00.442    16M / 3G    INFO    General                 (kmer_index_builder.hpp    : 127)   K-mer counting done. There are 75149 kmers in total.
  0:00:00.442    16M / 3G    INFO    General                 (kmer_index_builder.hpp    : 133)   Merging temporary buckets.
  0:00:00.480    16M / 3G    INFO   K-mer Index Building     (kmer_index_builder.hpp    : 314)   Building perfect hash indices
  0:00:00.539    16M / 3G    INFO    General                 (kmer_index_builder.hpp    : 150)   Merging final buckets.
  0:00:00.548    16M / 3G    INFO   K-mer Index Building     (kmer_index_builder.hpp    : 336)   Index built. Total 43640 bytes occupied (4.6457 bits per kmer).
  0:00:00.548    16M / 3G    INFO   DeBruijnExtensionIndexBu (kmer_extension_index_build:  99)   Building k-mer extensions from k+1-mers
  0:00:00.557    16M / 3G    INFO   DeBruijnExtensionIndexBu (kmer_extension_index_build: 103)   Building k-mer extensions from k+1-mers finished.
  0:00:00.558    16M / 3G    INFO    General                 (stage.cpp                 : 101)   PROCEDURE == Early tip clipping
  0:00:00.558    16M / 3G    INFO    General                 (construction.cpp          : 253)   Early tip clipper length bound set as (RL - K)
  0:00:00.558    16M / 3G    INFO   Early tip clipping       (early_simplification.hpp  : 181)   Early tip clipping
  0:00:00.600    16M / 3G    INFO   Early tip clipping       (early_simplification.hpp  : 184)   151 22-mers were removed by early tip clipper
  0:00:00.600    16M / 3G    INFO    General                 (stage.cpp                 : 101)   PROCEDURE == Condensing graph
  0:00:00.608    16M / 3G    INFO   UnbranchingPathExtractor (debruijn_graph_constructor: 355)   Extracting unbranching paths
  0:00:00.621    16M / 3G    INFO   UnbranchingPathExtractor (debruijn_graph_constructor: 374)   Extracting unbranching paths finished. 488 sequences extracted
  0:00:00.628    16M / 3G    INFO   UnbranchingPathExtractor (debruijn_graph_constructor: 310)   Collecting perfect loops
  0:00:00.639    16M / 3G    INFO   UnbranchingPathExtractor (debruijn_graph_constructor: 343)   Collecting perfect loops finished. 0 loops collected
  0:00:00.640    16M / 3G    INFO    General                 (stage.cpp                 : 101)   PROCEDURE == Filling coverage indices (PHM)
  0:00:00.640    16M / 3G    INFO   K-mer Index Building     (kmer_index_builder.hpp    : 301)   Building kmer index
  0:00:00.640    16M / 3G    INFO   K-mer Index Building     (kmer_index_builder.hpp    : 314)   Building perfect hash indices
  0:00:00.652    16M / 3G    INFO   K-mer Index Building     (kmer_index_builder.hpp    : 336)   Index built. Total 36768 bytes occupied (3.93815 bits per kmer).
  0:00:00.652    16M / 3G    INFO    General                 (construction.cpp          : 388)   Collecting k-mer coverage information from reads, this takes a while.
  0:00:00.660    16M / 3G    INFO    General                 (construction.cpp          : 508)   Filling coverage and flanking coverage from PHM
  0:00:00.669    16M / 3G    INFO   StageManager             (stage.cpp                 : 132)   STAGE == EC Threshold Finding
  0:00:00.669    16M / 3G    INFO    General                 (kmer_coverage_model.cpp   : 181)   Kmer coverage valley at: 9
  0:00:00.669    16M / 3G    INFO    General                 (kmer_coverage_model.cpp   : 201)   K-mer histogram maximum: 10
  0:00:00.669    16M / 3G    WARN    General                 (kmer_coverage_model.cpp   : 218)   Too many erroneous kmers, the estimates might be unreliable
  0:00:00.669    16M / 3G    INFO    General                 (kmer_coverage_model.cpp   : 237)   Estimated median coverage: 10. Coverage mad: 10.4836
  0:00:00.669    16M / 3G    INFO    General                 (kmer_coverage_model.cpp   : 259)   Fitting coverage model
  0:00:00.671    16M / 3G    INFO    General                 (kmer_coverage_model.cpp   : 295)   ... iteration 2
  0:00:00.674    16M / 3G    INFO    General                 (kmer_coverage_model.cpp   : 295)   ... iteration 4
  0:00:00.681    16M / 3G    INFO    General                 (kmer_coverage_model.cpp   : 295)   ... iteration 8
  0:00:00.688    16M / 3G    INFO    General                 (kmer_coverage_model.cpp   : 309)   Fitted mean coverage: 14.0827. Fitted coverage std. dev: 2.20412
  0:00:00.688    16M / 3G    INFO    General                 (kmer_coverage_model.cpp   : 334)   Probability of erroneous kmer at valley: 0.928271
  0:00:00.688    16M / 3G    INFO    General                 (kmer_coverage_model.cpp   : 358)   Preliminary threshold calculated as: 16
  0:00:00.688    16M / 3G    INFO    General                 (kmer_coverage_model.cpp   : 362)   Threshold adjusted to: 11
  0:00:00.688    16M / 3G    INFO    General                 (kmer_coverage_model.cpp   : 375)   Estimated genome size (ignoring repeats): 192
  0:00:00.688    16M / 3G    INFO    General                 (genomic_info_filler.cpp   : 112)   Mean coverage was calculated as 14.0827
  0:00:00.688    16M / 3G    INFO    General                 (genomic_info_filler.cpp   : 127)   EC coverage threshold value was calculated as 11
  0:00:00.688    16M / 3G    INFO    General                 (genomic_info_filler.cpp   : 128)   Trusted kmer low bound: 0
  0:00:00.688    16M / 3G    INFO   StageManager             (stage.cpp                 : 132)   STAGE == Raw Simplification
  0:00:00.688    16M / 3G    INFO    General                 (simplification.cpp        : 128)   PROCEDURE == InitialCleaning
  0:00:00.688    16M / 3G    INFO    General                 (graph_simplification.hpp  : 669)   Flanking coverage based disconnection disabled
  0:00:00.688    16M / 3G    INFO   Simplification           (parallel_processing.hpp   : 165)   Running Self conjugate edge remover
  0:00:00.688    16M / 3G    INFO   Simplification           (parallel_processing.hpp   : 167)   Self conjugate edge remover triggered 0 times
  0:00:00.688    16M / 3G    INFO   Simplification           (parallel_processing.hpp   : 165)   Running Initial tip clipper
  0:00:00.688    16M / 3G    INFO   Simplification           (parallel_processing.hpp   : 167)   Initial tip clipper triggered 0 times
  0:00:00.688    16M / 3G    INFO   Simplification           (parallel_processing.hpp   : 165)   Running Initial ec remover
  0:00:00.689    16M / 3G    INFO   Simplification           (parallel_processing.hpp   : 167)   Initial ec remover triggered 4 times
  0:00:00.689    16M / 3G    INFO   Simplification           (parallel_processing.hpp   : 165)   Running Initial isolated edge remover
  0:00:00.689    16M / 3G    INFO   Simplification           (parallel_processing.hpp   : 167)   Initial isolated edge remover triggered 255 times
  0:00:00.690    16M / 3G    INFO   StageManager             (stage.cpp                 : 132)   STAGE == Simplification
  0:00:00.690    16M / 3G    INFO    General                 (simplification.cpp        : 357)   Graph simplification started
  0:00:00.690    16M / 3G    INFO    General                 (graph_simplification.hpp  : 641)   Creating parallel br instance
  0:00:00.690    16M / 3G    INFO    General                 (simplification.cpp        : 362)   PROCEDURE == Simplification cycle, iteration 1
  0:00:00.690    16M / 3G    INFO   Simplification           (parallel_processing.hpp   : 165)   Running Tip clipper
  0:00:00.690    16M / 3G    INFO   Simplification           (parallel_processing.hpp   : 167)   Tip clipper triggered 0 times
  0:00:00.690    16M / 3G    INFO   Simplification           (parallel_processing.hpp   : 165)   Running Bulge remover
  0:00:00.690    16M / 3G    INFO   Simplification           (parallel_processing.hpp   : 167)   Bulge remover triggered 1 times
  0:00:00.690    16M / 3G    INFO   Simplification           (parallel_processing.hpp   : 165)   Running Low coverage edge remover
  0:00:00.690    16M / 3G    INFO   Simplification           (parallel_processing.hpp   : 167)   Low coverage edge remover triggered 0 times
  0:00:00.690    16M / 3G    INFO    General                 (simplification.cpp        : 362)   PROCEDURE == Simplification cycle, iteration 2
  0:00:00.690    16M / 3G    INFO   Simplification           (parallel_processing.hpp   : 165)   Running Tip clipper
  0:00:00.690    16M / 3G    INFO   Simplification           (parallel_processing.hpp   : 167)   Tip clipper triggered 0 times
  0:00:00.690    16M / 3G    INFO   Simplification           (parallel_processing.hpp   : 165)   Running Bulge remover
  0:00:00.690    16M / 3G    INFO   Simplification           (parallel_processing.hpp   : 167)   Bulge remover triggered 0 times
  0:00:00.690    16M / 3G    INFO   Simplification           (parallel_processing.hpp   : 165)   Running Low coverage edge remover
  0:00:00.690    16M / 3G    INFO   Simplification           (parallel_processing.hpp   : 167)   Low coverage edge remover triggered 0 times
  0:00:00.690    16M / 3G    INFO    General                 (simplification.cpp        : 362)   PROCEDURE == Simplification cycle, iteration 3
  0:00:00.690    16M / 3G    INFO   Simplification           (parallel_processing.hpp   : 165)   Running Tip clipper
  0:00:00.690    16M / 3G    INFO   Simplification           (parallel_processing.hpp   : 167)   Tip clipper triggered 0 times
  0:00:00.690    16M / 3G    INFO   Simplification           (parallel_processing.hpp   : 165)   Running Bulge remover
  0:00:00.690    16M / 3G    INFO   Simplification           (parallel_processing.hpp   : 167)   Bulge remover triggered 0 times
  0:00:00.690    16M / 3G    INFO   Simplification           (parallel_processing.hpp   : 165)   Running Low coverage edge remover
  0:00:00.690    16M / 3G    INFO   Simplification           (parallel_processing.hpp   : 167)   Low coverage edge remover triggered 1 times
  0:00:00.690    16M / 3G    INFO    General                 (simplification.cpp        : 362)   PROCEDURE == Simplification cycle, iteration 4
  0:00:00.690    16M / 3G    INFO   Simplification           (parallel_processing.hpp   : 165)   Running Tip clipper
  0:00:00.690    16M / 3G    INFO   Simplification           (parallel_processing.hpp   : 167)   Tip clipper triggered 0 times
  0:00:00.690    16M / 3G    INFO   Simplification           (parallel_processing.hpp   : 165)   Running Bulge remover
  0:00:00.690    16M / 3G    INFO   Simplification           (parallel_processing.hpp   : 167)   Bulge remover triggered 0 times
  0:00:00.690    16M / 3G    INFO   Simplification           (parallel_processing.hpp   : 165)   Running Low coverage edge remover
  0:00:00.690    16M / 3G    INFO   Simplification           (parallel_processing.hpp   : 167)   Low coverage edge remover triggered 0 times
  0:00:00.690    16M / 3G    INFO    General                 (simplification.cpp        : 362)   PROCEDURE == Simplification cycle, iteration 5
  0:00:00.690    16M / 3G    INFO   Simplification           (parallel_processing.hpp   : 165)   Running Tip clipper
  0:00:00.690    16M / 3G    INFO   Simplification           (parallel_processing.hpp   : 167)   Tip clipper triggered 0 times
  0:00:00.691    16M / 3G    INFO   Simplification           (parallel_processing.hpp   : 165)   Running Bulge remover
  0:00:00.691    16M / 3G    INFO   Simplification           (parallel_processing.hpp   : 167)   Bulge remover triggered 0 times
  0:00:00.691    16M / 3G    INFO   Simplification           (parallel_processing.hpp   : 165)   Running Low coverage edge remover
  0:00:00.691    16M / 3G    INFO   Simplification           (parallel_processing.hpp   : 167)   Low coverage edge remover triggered 0 times
  0:00:00.691    16M / 3G    INFO    General                 (simplification.cpp        : 362)   PROCEDURE == Simplification cycle, iteration 6
  0:00:00.691    16M / 3G    INFO   Simplification           (parallel_processing.hpp   : 165)   Running Tip clipper
  0:00:00.691    16M / 3G    INFO   Simplification           (parallel_processing.hpp   : 167)   Tip clipper triggered 0 times
  0:00:00.691    16M / 3G    INFO   Simplification           (parallel_processing.hpp   : 165)   Running Bulge remover
  0:00:00.691    16M / 3G    INFO   Simplification           (parallel_processing.hpp   : 167)   Bulge remover triggered 0 times
  0:00:00.691    16M / 3G    INFO   Simplification           (parallel_processing.hpp   : 165)   Running Low coverage edge remover
  0:00:00.691    16M / 3G    INFO   Simplification           (parallel_processing.hpp   : 167)   Low coverage edge remover triggered 0 times
  0:00:00.691    16M / 3G    INFO    General                 (simplification.cpp        : 362)   PROCEDURE == Simplification cycle, iteration 7
  0:00:00.691    16M / 3G    INFO   Simplification           (parallel_processing.hpp   : 165)   Running Tip clipper
  0:00:00.691    16M / 3G    INFO   Simplification           (parallel_processing.hpp   : 167)   Tip clipper triggered 0 times
  0:00:00.691    16M / 3G    INFO   Simplification           (parallel_processing.hpp   : 165)   Running Bulge remover
  0:00:00.691    16M / 3G    INFO   Simplification           (parallel_processing.hpp   : 167)   Bulge remover triggered 0 times
  0:00:00.691    16M / 3G    INFO   Simplification           (parallel_processing.hpp   : 165)   Running Low coverage edge remover
  0:00:00.691    16M / 3G    INFO   Simplification           (parallel_processing.hpp   : 167)   Low coverage edge remover triggered 0 times
  0:00:00.691    16M / 3G    INFO    General                 (simplification.cpp        : 362)   PROCEDURE == Simplification cycle, iteration 8
  0:00:00.691    16M / 3G    INFO   Simplification           (parallel_processing.hpp   : 165)   Running Tip clipper
  0:00:00.691    16M / 3G    INFO   Simplification           (parallel_processing.hpp   : 167)   Tip clipper triggered 0 times
  0:00:00.691    16M / 3G    INFO   Simplification           (parallel_processing.hpp   : 165)   Running Bulge remover
  0:00:00.691    16M / 3G    INFO   Simplification           (parallel_processing.hpp   : 167)   Bulge remover triggered 0 times
  0:00:00.691    16M / 3G    INFO   Simplification           (parallel_processing.hpp   : 165)   Running Low coverage edge remover
  0:00:00.691    16M / 3G    INFO   Simplification           (parallel_processing.hpp   : 167)   Low coverage edge remover triggered 0 times
  0:00:00.691    16M / 3G    INFO    General                 (simplification.cpp        : 362)   PROCEDURE == Simplification cycle, iteration 9
  0:00:00.691    16M / 3G    INFO   Simplification           (parallel_processing.hpp   : 165)   Running Tip clipper
  0:00:00.691    16M / 3G    INFO   Simplification           (parallel_processing.hpp   : 167)   Tip clipper triggered 0 times
  0:00:00.691    16M / 3G    INFO   Simplification           (parallel_processing.hpp   : 165)   Running Bulge remover
  0:00:00.691    16M / 3G    INFO   Simplification           (parallel_processing.hpp   : 167)   Bulge remover triggered 0 times
  0:00:00.691    16M / 3G    INFO   Simplification           (parallel_processing.hpp   : 165)   Running Low coverage edge remover
  0:00:00.691    16M / 3G    INFO   Simplification           (parallel_processing.hpp   : 167)   Low coverage edge remover triggered 0 times
  0:00:00.691    16M / 3G    INFO    General                 (simplification.cpp        : 362)   PROCEDURE == Simplification cycle, iteration 10
  0:00:00.691    16M / 3G    INFO   Simplification           (parallel_processing.hpp   : 165)   Running Tip clipper
  0:00:00.691    16M / 3G    INFO   Simplification           (parallel_processing.hpp   : 167)   Tip clipper triggered 0 times
  0:00:00.691    16M / 3G    INFO   Simplification           (parallel_processing.hpp   : 165)   Running Bulge remover
  0:00:00.691    16M / 3G    INFO   Simplification           (parallel_processing.hpp   : 167)   Bulge remover triggered 0 times
  0:00:00.691    16M / 3G    INFO   Simplification           (parallel_processing.hpp   : 165)   Running Low coverage edge remover
  0:00:00.691    16M / 3G    INFO   Simplification           (parallel_processing.hpp   : 167)   Low coverage edge remover triggered 0 times
  0:00:00.691    16M / 3G    INFO    General                 (simplification.cpp        : 362)   PROCEDURE == Simplification cycle, iteration 11
  0:00:00.691    16M / 3G    INFO   Simplification           (parallel_processing.hpp   : 165)   Running Tip clipper
  0:00:00.691    16M / 3G    INFO   Simplification           (parallel_processing.hpp   : 167)   Tip clipper triggered 0 times
  0:00:00.691    16M / 3G    INFO   Simplification           (parallel_processing.hpp   : 165)   Running Bulge remover
  0:00:00.691    16M / 3G    INFO   Simplification           (parallel_processing.hpp   : 167)   Bulge remover triggered 0 times
  0:00:00.691    16M / 3G    INFO   Simplification           (parallel_processing.hpp   : 165)   Running Low coverage edge remover
  0:00:00.691    16M / 3G    INFO   Simplification           (parallel_processing.hpp   : 167)   Low coverage edge remover triggered 0 times
  0:00:00.691    16M / 3G    INFO   StageManager             (stage.cpp                 : 132)   STAGE == Simplification Cleanup
  0:00:00.691    16M / 3G    INFO    General                 (simplification.cpp        : 196)   PROCEDURE == Post simplification
  0:00:00.691    16M / 3G    INFO    General                 (graph_simplification.hpp  : 458)   Disconnection of relatively low covered edges disabled
  0:00:00.691    16M / 3G    INFO    General                 (graph_simplification.hpp  : 494)   Complex tip clipping disabled
  0:00:00.691    16M / 3G    INFO    General                 (graph_simplification.hpp  : 641)   Creating parallel br instance
  0:00:00.691    16M / 3G    INFO   Simplification           (parallel_processing.hpp   : 165)   Running Tip clipper
  0:00:00.691    16M / 3G    INFO   Simplification           (parallel_processing.hpp   : 167)   Tip clipper triggered 0 times
  0:00:00.691    16M / 3G    INFO   Simplification           (parallel_processing.hpp   : 165)   Running Bulge remover
  0:00:00.692    16M / 3G    INFO   Simplification           (parallel_processing.hpp   : 167)   Bulge remover triggered 0 times
  0:00:00.692    16M / 3G    INFO   Simplification           (parallel_processing.hpp   : 165)   Running Tip clipper
  0:00:00.692    16M / 3G    INFO   Simplification           (parallel_processing.hpp   : 167)   Tip clipper triggered 0 times
  0:00:00.692    16M / 3G    INFO   Simplification           (parallel_processing.hpp   : 165)   Running Bulge remover
  0:00:00.692    16M / 3G    INFO   Simplification           (parallel_processing.hpp   : 167)   Bulge remover triggered 0 times
  0:00:00.692    16M / 3G    INFO    General                 (simplification.cpp        : 330)   Disrupting self-conjugate edges
  0:00:00.692    16M / 3G    INFO   Simplification           (parallel_processing.hpp   : 165)   Running Removing isolated edges
  0:00:00.692    16M / 3G    INFO   Simplification           (parallel_processing.hpp   : 167)   Removing isolated edges triggered 72 times
  0:00:00.692    16M / 3G    INFO    General                 (simplification.cpp        : 470)   Counting average coverage
  0:00:00.692    16M / 3G    INFO    General                 (simplification.cpp        : 476)   Average coverage = 2.22086
  0:00:00.692    16M / 3G    WARN    General                 (simplification.cpp        : 479)   The determined erroneous connection coverage threshold may be determined improperly
  0:00:00.692    16M / 3G    INFO   StageManager             (stage.cpp                 : 132)   STAGE == Contig Output
  0:00:00.692    16M / 3G    INFO    General                 (contig_output.hpp         :  22)   Outputting contigs to /Users/cmdb/qbb2019-answers/week2_folder/velveth_directory//K21/simplified_contigs.fasta
  0:00:00.696    16M / 3G    INFO    General                 (launch.hpp                : 151)   SPAdes finished
  0:00:00.696    16M / 3G    INFO    General                 (main.cpp                  : 109)   Assembling time: 0 hours 0 minutes 0 seconds
Max read length detected as 100

== Running assembler: K33

  0:00:00.000     4M / 4M    INFO    General                 (main.cpp                  :  74)   Loaded config from /Users/cmdb/qbb2019-answers/week2_folder/velveth_directory/K33/configs/config.info
  0:00:00.000     4M / 4M    INFO    General                 (memory_limit.cpp          :  49)   Memory limit set to 250 Gb
  0:00:00.000     4M / 4M    INFO    General                 (main.cpp                  :  87)   Starting SPAdes, built from N/A, git revision N/A
  0:00:00.000     4M / 4M    INFO    General                 (main.cpp                  :  88)   Maximum k-mer length: 128
  0:00:00.000     4M / 4M    INFO    General                 (main.cpp                  :  89)   Assembling dataset (/Users/cmdb/qbb2019-answers/week2_folder/velveth_directory/dataset.info) with K=33
  0:00:00.000     4M / 4M    INFO    General                 (main.cpp                  :  90)   Maximum # of threads to use (adjusted due to OMP capabilities): 4
  0:00:00.000     4M / 4M    INFO    General                 (launch.hpp                :  52)   SPAdes started
  0:00:00.000     4M / 4M    INFO    General                 (launch.hpp                :  59)   Starting from stage: construction
  0:00:00.000     4M / 4M    INFO    General                 (launch.hpp                :  66)   Two-step RR enabled: 0
  0:00:00.000     4M / 4M    INFO   StageManager             (stage.cpp                 : 132)   STAGE == de Bruijn graph construction
  0:00:00.001     4M / 4M    INFO    General                 (read_converter.hpp        :  59)   Binary reads detected
  0:00:00.004     4M / 4M    INFO    General                 (construction.cpp          : 111)   Max read length 100
  0:00:00.004     4M / 4M    INFO    General                 (construction.cpp          : 117)   Average read length 93.3625
  0:00:00.004     4M / 4M    INFO    General                 (stage.cpp                 : 101)   PROCEDURE == k+1-mer counting
  0:00:00.004     4M / 4M    INFO    General                 (kmer_index_builder.hpp    : 117)   Splitting kmer instances into 16 files using 4 threads. This might take a while.
  0:00:00.005     4M / 4M    INFO    General                 (file_limit.hpp            :  32)   Open file limit set to 256
  0:00:00.005     4M / 4M    INFO    General                 (kmer_splitters.hpp        :  89)   Memory available for splitting buffers: 20.833 Gb
  0:00:00.005     4M / 4M    INFO    General                 (kmer_splitters.hpp        :  97)   Using cell size of 2097152
  0:00:00.022     2G / 2G    INFO    General                 (kmer_splitters.hpp        : 295)   Adding contigs from previous K
  0:00:00.042    16M / 2G    INFO    General                 (kmer_splitters.hpp        : 308)   Used 4000 reads
  0:00:00.042    16M / 2G    INFO    General                 (kmer_index_builder.hpp    : 120)   Starting k-mer counting.
  0:00:00.068    16M / 2G    INFO    General                 (kmer_index_builder.hpp    : 127)   K-mer counting done. There are 69054 kmers in total.
  0:00:00.068    16M / 2G    INFO    General                 (kmer_index_builder.hpp    : 133)   Merging temporary buckets.
  0:00:00.079    16M / 2G    INFO    General                 (stage.cpp                 : 101)   PROCEDURE == Extension index construction
  0:00:00.079    16M / 2G    INFO   K-mer Index Building     (kmer_index_builder.hpp    : 301)   Building kmer index
  0:00:00.079    16M / 2G    INFO    General                 (kmer_index_builder.hpp    : 117)   Splitting kmer instances into 64 files using 4 threads. This might take a while.
  0:00:00.079    16M / 2G    INFO    General                 (file_limit.hpp            :  32)   Open file limit set to 256
  0:00:00.079    16M / 2G    INFO    General                 (kmer_splitters.hpp        :  89)   Memory available for splitting buffers: 20.832 Gb
  0:00:00.079    16M / 2G    INFO    General                 (kmer_splitters.hpp        :  97)   Using cell size of 524288
  0:00:00.120     3G / 3G    INFO    General                 (kmer_splitters.hpp        : 380)   Processed 69054 kmers
  0:00:00.120     3G / 3G    INFO    General                 (kmer_splitters.hpp        : 385)   Used 69054 kmers.
  0:00:00.122    16M / 3G    INFO    General                 (kmer_index_builder.hpp    : 120)   Starting k-mer counting.
  0:00:00.187    16M / 3G    INFO    General                 (kmer_index_builder.hpp    : 127)   K-mer counting done. There are 69528 kmers in total.
  0:00:00.187    16M / 3G    INFO    General                 (kmer_index_builder.hpp    : 133)   Merging temporary buckets.
  0:00:00.226    16M / 3G    INFO   K-mer Index Building     (kmer_index_builder.hpp    : 314)   Building perfect hash indices
  0:00:00.282    16M / 3G    INFO    General                 (kmer_index_builder.hpp    : 150)   Merging final buckets.
  0:00:00.291    16M / 3G    INFO   K-mer Index Building     (kmer_index_builder.hpp    : 336)   Index built. Total 41136 bytes occupied (4.73317 bits per kmer).
  0:00:00.291    16M / 3G    INFO   DeBruijnExtensionIndexBu (kmer_extension_index_build:  99)   Building k-mer extensions from k+1-mers
  0:00:00.299    16M / 3G    INFO   DeBruijnExtensionIndexBu (kmer_extension_index_build: 103)   Building k-mer extensions from k+1-mers finished.
  0:00:00.300    16M / 3G    INFO    General                 (stage.cpp                 : 101)   PROCEDURE == Early tip clipping
  0:00:00.300    16M / 3G    INFO    General                 (construction.cpp          : 253)   Early tip clipper length bound set as (RL - K)
  0:00:00.300    16M / 3G    INFO   Early tip clipping       (early_simplification.hpp  : 181)   Early tip clipping
  0:00:00.324    16M / 3G    INFO   Early tip clipping       (early_simplification.hpp  : 184)   112 34-mers were removed by early tip clipper
  0:00:00.324    16M / 3G    INFO    General                 (stage.cpp                 : 101)   PROCEDURE == Condensing graph
  0:00:00.329    16M / 3G    INFO   UnbranchingPathExtractor (debruijn_graph_constructor: 355)   Extracting unbranching paths
  0:00:00.340    16M / 3G    INFO   UnbranchingPathExtractor (debruijn_graph_constructor: 374)   Extracting unbranching paths finished. 490 sequences extracted
  0:00:00.346    16M / 3G    INFO   UnbranchingPathExtractor (debruijn_graph_constructor: 310)   Collecting perfect loops
  0:00:00.355    16M / 3G    INFO   UnbranchingPathExtractor (debruijn_graph_constructor: 343)   Collecting perfect loops finished. 0 loops collected
  0:00:00.355    16M / 3G    INFO    General                 (stage.cpp                 : 101)   PROCEDURE == Filling coverage indices (PHM)
  0:00:00.355    16M / 3G    INFO   K-mer Index Building     (kmer_index_builder.hpp    : 301)   Building kmer index
  0:00:00.355    16M / 3G    INFO   K-mer Index Building     (kmer_index_builder.hpp    : 314)   Building perfect hash indices
  0:00:00.363    16M / 3G    INFO   K-mer Index Building     (kmer_index_builder.hpp    : 336)   Index built. Total 34136 bytes occupied (3.9547 bits per kmer).
  0:00:00.363    16M / 3G    INFO    General                 (construction.cpp          : 388)   Collecting k-mer coverage information from reads, this takes a while.
  0:00:00.374    16M / 3G    INFO    General                 (construction.cpp          : 508)   Filling coverage and flanking coverage from PHM
  0:00:00.381    16M / 3G    INFO   StageManager             (stage.cpp                 : 132)   STAGE == EC Threshold Finding
  0:00:00.381    16M / 3G    INFO    General                 (kmer_coverage_model.cpp   : 181)   Kmer coverage valley at: 14
  0:00:00.381    16M / 3G    INFO    General                 (kmer_coverage_model.cpp   : 201)   K-mer histogram maximum: 16
  0:00:00.381    16M / 3G    WARN    General                 (kmer_coverage_model.cpp   : 218)   Too many erroneous kmers, the estimates might be unreliable
  0:00:00.381    16M / 3G    INFO    General                 (kmer_coverage_model.cpp   : 237)   Estimated median coverage: 16. Coverage mad: 1.4826
  0:00:00.381    16M / 3G    INFO    General                 (kmer_coverage_model.cpp   : 259)   Fitting coverage model
  0:00:00.382    16M / 3G    INFO    General                 (kmer_coverage_model.cpp   : 295)   ... iteration 2
  0:00:00.386    16M / 3G    INFO    General                 (kmer_coverage_model.cpp   : 295)   ... iteration 4
  0:00:00.392    16M / 3G    INFO    General                 (kmer_coverage_model.cpp   : 295)   ... iteration 8
  0:00:00.398    16M / 3G    INFO    General                 (kmer_coverage_model.cpp   : 309)   Fitted mean coverage: 13.2402. Fitted coverage std. dev: 1.69255
  0:00:00.398    16M / 3G    WARN    General                 (kmer_coverage_model.cpp   : 327)   Valley value was estimated improperly, reset to 5
  0:00:00.398    16M / 3G    INFO    General                 (kmer_coverage_model.cpp   : 334)   Probability of erroneous kmer at valley: 1
  0:00:00.398    16M / 3G    INFO    General                 (kmer_coverage_model.cpp   : 358)   Preliminary threshold calculated as: 14
  0:00:00.398    16M / 3G    INFO    General                 (kmer_coverage_model.cpp   : 362)   Threshold adjusted to: 9
  0:00:00.398    16M / 3G    INFO    General                 (kmer_coverage_model.cpp   : 375)   Estimated genome size (ignoring repeats): 214
  0:00:00.398    16M / 3G    INFO    General                 (genomic_info_filler.cpp   : 112)   Mean coverage was calculated as 13.2402
  0:00:00.398    16M / 3G    INFO    General                 (genomic_info_filler.cpp   : 127)   EC coverage threshold value was calculated as 9
  0:00:00.398    16M / 3G    INFO    General                 (genomic_info_filler.cpp   : 128)   Trusted kmer low bound: 0
  0:00:00.398    16M / 3G    INFO   StageManager             (stage.cpp                 : 132)   STAGE == Raw Simplification
  0:00:00.398    16M / 3G    INFO    General                 (simplification.cpp        : 128)   PROCEDURE == InitialCleaning
  0:00:00.398    16M / 3G    INFO    General                 (graph_simplification.hpp  : 669)   Flanking coverage based disconnection disabled
  0:00:00.398    16M / 3G    INFO   Simplification           (parallel_processing.hpp   : 165)   Running Self conjugate edge remover
  0:00:00.398    16M / 3G    INFO   Simplification           (parallel_processing.hpp   : 167)   Self conjugate edge remover triggered 0 times
  0:00:00.398    16M / 3G    INFO   Simplification           (parallel_processing.hpp   : 165)   Running Initial tip clipper
  0:00:00.398    16M / 3G    INFO   Simplification           (parallel_processing.hpp   : 167)   Initial tip clipper triggered 1 times
  0:00:00.398    16M / 3G    INFO   Simplification           (parallel_processing.hpp   : 165)   Running Initial ec remover
  0:00:00.399    16M / 3G    INFO   Simplification           (parallel_processing.hpp   : 167)   Initial ec remover triggered 1 times
  0:00:00.399    16M / 3G    INFO   Simplification           (parallel_processing.hpp   : 165)   Running Initial isolated edge remover
  0:00:00.399    16M / 3G    INFO   Simplification           (parallel_processing.hpp   : 167)   Initial isolated edge remover triggered 296 times
  0:00:00.399    16M / 3G    INFO   StageManager             (stage.cpp                 : 132)   STAGE == Simplification
  0:00:00.399    16M / 3G    INFO    General                 (simplification.cpp        : 357)   Graph simplification started
  0:00:00.399    16M / 3G    INFO    General                 (graph_simplification.hpp  : 641)   Creating parallel br instance
  0:00:00.400    16M / 3G    INFO    General                 (simplification.cpp        : 362)   PROCEDURE == Simplification cycle, iteration 1
  0:00:00.400    16M / 3G    INFO   Simplification           (parallel_processing.hpp   : 165)   Running Tip clipper
  0:00:00.400    16M / 3G    INFO   Simplification           (parallel_processing.hpp   : 167)   Tip clipper triggered 1 times
  0:00:00.400    16M / 3G    INFO   Simplification           (parallel_processing.hpp   : 165)   Running Bulge remover
  0:00:00.400    16M / 3G    INFO   Simplification           (parallel_processing.hpp   : 167)   Bulge remover triggered 1 times
  0:00:00.400    16M / 3G    INFO   Simplification           (parallel_processing.hpp   : 165)   Running Low coverage edge remover
  0:00:00.400    16M / 3G    INFO   Simplification           (parallel_processing.hpp   : 167)   Low coverage edge remover triggered 0 times
  0:00:00.400    16M / 3G    INFO    General                 (simplification.cpp        : 362)   PROCEDURE == Simplification cycle, iteration 2
  0:00:00.400    16M / 3G    INFO   Simplification           (parallel_processing.hpp   : 165)   Running Tip clipper
  0:00:00.400    16M / 3G    INFO   Simplification           (parallel_processing.hpp   : 167)   Tip clipper triggered 0 times
  0:00:00.400    16M / 3G    INFO   Simplification           (parallel_processing.hpp   : 165)   Running Bulge remover
  0:00:00.400    16M / 3G    INFO   Simplification           (parallel_processing.hpp   : 167)   Bulge remover triggered 0 times
  0:00:00.400    16M / 3G    INFO   Simplification           (parallel_processing.hpp   : 165)   Running Low coverage edge remover
  0:00:00.400    16M / 3G    INFO   Simplification           (parallel_processing.hpp   : 167)   Low coverage edge remover triggered 0 times
  0:00:00.400    16M / 3G    INFO    General                 (simplification.cpp        : 362)   PROCEDURE == Simplification cycle, iteration 3
  0:00:00.400    16M / 3G    INFO   Simplification           (parallel_processing.hpp   : 165)   Running Tip clipper
  0:00:00.400    16M / 3G    INFO   Simplification           (parallel_processing.hpp   : 167)   Tip clipper triggered 0 times
  0:00:00.400    16M / 3G    INFO   Simplification           (parallel_processing.hpp   : 165)   Running Bulge remover
  0:00:00.400    16M / 3G    INFO   Simplification           (parallel_processing.hpp   : 167)   Bulge remover triggered 0 times
  0:00:00.400    16M / 3G    INFO   Simplification           (parallel_processing.hpp   : 165)   Running Low coverage edge remover
  0:00:00.400    16M / 3G    INFO   Simplification           (parallel_processing.hpp   : 167)   Low coverage edge remover triggered 1 times
  0:00:00.400    16M / 3G    INFO    General                 (simplification.cpp        : 362)   PROCEDURE == Simplification cycle, iteration 4
  0:00:00.400    16M / 3G    INFO   Simplification           (parallel_processing.hpp   : 165)   Running Tip clipper
  0:00:00.400    16M / 3G    INFO   Simplification           (parallel_processing.hpp   : 167)   Tip clipper triggered 0 times
  0:00:00.400    16M / 3G    INFO   Simplification           (parallel_processing.hpp   : 165)   Running Bulge remover
  0:00:00.400    16M / 3G    INFO   Simplification           (parallel_processing.hpp   : 167)   Bulge remover triggered 0 times
  0:00:00.400    16M / 3G    INFO   Simplification           (parallel_processing.hpp   : 165)   Running Low coverage edge remover
  0:00:00.400    16M / 3G    INFO   Simplification           (parallel_processing.hpp   : 167)   Low coverage edge remover triggered 0 times
  0:00:00.400    16M / 3G    INFO    General                 (simplification.cpp        : 362)   PROCEDURE == Simplification cycle, iteration 5
  0:00:00.400    16M / 3G    INFO   Simplification           (parallel_processing.hpp   : 165)   Running Tip clipper
  0:00:00.400    16M / 3G    INFO   Simplification           (parallel_processing.hpp   : 167)   Tip clipper triggered 0 times
  0:00:00.400    16M / 3G    INFO   Simplification           (parallel_processing.hpp   : 165)   Running Bulge remover
  0:00:00.400    16M / 3G    INFO   Simplification           (parallel_processing.hpp   : 167)   Bulge remover triggered 0 times
  0:00:00.400    16M / 3G    INFO   Simplification           (parallel_processing.hpp   : 165)   Running Low coverage edge remover
  0:00:00.400    16M / 3G    INFO   Simplification           (parallel_processing.hpp   : 167)   Low coverage edge remover triggered 0 times
  0:00:00.400    16M / 3G    INFO    General                 (simplification.cpp        : 362)   PROCEDURE == Simplification cycle, iteration 6
  0:00:00.400    16M / 3G    INFO   Simplification           (parallel_processing.hpp   : 165)   Running Tip clipper
  0:00:00.400    16M / 3G    INFO   Simplification           (parallel_processing.hpp   : 167)   Tip clipper triggered 0 times
  0:00:00.400    16M / 3G    INFO   Simplification           (parallel_processing.hpp   : 165)   Running Bulge remover
  0:00:00.400    16M / 3G    INFO   Simplification           (parallel_processing.hpp   : 167)   Bulge remover triggered 0 times
  0:00:00.400    16M / 3G    INFO   Simplification           (parallel_processing.hpp   : 165)   Running Low coverage edge remover
  0:00:00.400    16M / 3G    INFO   Simplification           (parallel_processing.hpp   : 167)   Low coverage edge remover triggered 0 times
  0:00:00.400    16M / 3G    INFO    General                 (simplification.cpp        : 362)   PROCEDURE == Simplification cycle, iteration 7
  0:00:00.400    16M / 3G    INFO   Simplification           (parallel_processing.hpp   : 165)   Running Tip clipper
  0:00:00.400    16M / 3G    INFO   Simplification           (parallel_processing.hpp   : 167)   Tip clipper triggered 0 times
  0:00:00.400    16M / 3G    INFO   Simplification           (parallel_processing.hpp   : 165)   Running Bulge remover
  0:00:00.400    16M / 3G    INFO   Simplification           (parallel_processing.hpp   : 167)   Bulge remover triggered 0 times
  0:00:00.400    16M / 3G    INFO   Simplification           (parallel_processing.hpp   : 165)   Running Low coverage edge remover
  0:00:00.400    16M / 3G    INFO   Simplification           (parallel_processing.hpp   : 167)   Low coverage edge remover triggered 0 times
  0:00:00.400    16M / 3G    INFO    General                 (simplification.cpp        : 362)   PROCEDURE == Simplification cycle, iteration 8
  0:00:00.400    16M / 3G    INFO   Simplification           (parallel_processing.hpp   : 165)   Running Tip clipper
  0:00:00.400    16M / 3G    INFO   Simplification           (parallel_processing.hpp   : 167)   Tip clipper triggered 0 times
  0:00:00.400    16M / 3G    INFO   Simplification           (parallel_processing.hpp   : 165)   Running Bulge remover
  0:00:00.400    16M / 3G    INFO   Simplification           (parallel_processing.hpp   : 167)   Bulge remover triggered 0 times
  0:00:00.400    16M / 3G    INFO   Simplification           (parallel_processing.hpp   : 165)   Running Low coverage edge remover
  0:00:00.400    16M / 3G    INFO   Simplification           (parallel_processing.hpp   : 167)   Low coverage edge remover triggered 0 times
  0:00:00.400    16M / 3G    INFO    General                 (simplification.cpp        : 362)   PROCEDURE == Simplification cycle, iteration 9
  0:00:00.400    16M / 3G    INFO   Simplification           (parallel_processing.hpp   : 165)   Running Tip clipper
  0:00:00.400    16M / 3G    INFO   Simplification           (parallel_processing.hpp   : 167)   Tip clipper triggered 0 times
  0:00:00.400    16M / 3G    INFO   Simplification           (parallel_processing.hpp   : 165)   Running Bulge remover
  0:00:00.400    16M / 3G    INFO   Simplification           (parallel_processing.hpp   : 167)   Bulge remover triggered 0 times
  0:00:00.400    16M / 3G    INFO   Simplification           (parallel_processing.hpp   : 165)   Running Low coverage edge remover
  0:00:00.400    16M / 3G    INFO   Simplification           (parallel_processing.hpp   : 167)   Low coverage edge remover triggered 0 times
  0:00:00.400    16M / 3G    INFO    General                 (simplification.cpp        : 362)   PROCEDURE == Simplification cycle, iteration 10
  0:00:00.400    16M / 3G    INFO   Simplification           (parallel_processing.hpp   : 165)   Running Tip clipper
  0:00:00.400    16M / 3G    INFO   Simplification           (parallel_processing.hpp   : 167)   Tip clipper triggered 0 times
  0:00:00.400    16M / 3G    INFO   Simplification           (parallel_processing.hpp   : 165)   Running Bulge remover
  0:00:00.400    16M / 3G    INFO   Simplification           (parallel_processing.hpp   : 167)   Bulge remover triggered 0 times
  0:00:00.400    16M / 3G    INFO   Simplification           (parallel_processing.hpp   : 165)   Running Low coverage edge remover
  0:00:00.400    16M / 3G    INFO   Simplification           (parallel_processing.hpp   : 167)   Low coverage edge remover triggered 0 times
  0:00:00.400    16M / 3G    INFO    General                 (simplification.cpp        : 362)   PROCEDURE == Simplification cycle, iteration 11
  0:00:00.400    16M / 3G    INFO   Simplification           (parallel_processing.hpp   : 165)   Running Tip clipper
  0:00:00.400    16M / 3G    INFO   Simplification           (parallel_processing.hpp   : 167)   Tip clipper triggered 0 times
  0:00:00.400    16M / 3G    INFO   Simplification           (parallel_processing.hpp   : 165)   Running Bulge remover
  0:00:00.401    16M / 3G    INFO   Simplification           (parallel_processing.hpp   : 167)   Bulge remover triggered 0 times
  0:00:00.401    16M / 3G    INFO   Simplification           (parallel_processing.hpp   : 165)   Running Low coverage edge remover
  0:00:00.401    16M / 3G    INFO   Simplification           (parallel_processing.hpp   : 167)   Low coverage edge remover triggered 0 times
  0:00:00.401    16M / 3G    INFO   StageManager             (stage.cpp                 : 132)   STAGE == Simplification Cleanup
  0:00:00.401    16M / 3G    INFO    General                 (simplification.cpp        : 196)   PROCEDURE == Post simplification
  0:00:00.401    16M / 3G    INFO    General                 (graph_simplification.hpp  : 458)   Disconnection of relatively low covered edges disabled
  0:00:00.401    16M / 3G    INFO    General                 (graph_simplification.hpp  : 494)   Complex tip clipping disabled
  0:00:00.401    16M / 3G    INFO    General                 (graph_simplification.hpp  : 641)   Creating parallel br instance
  0:00:00.401    16M / 3G    INFO   Simplification           (parallel_processing.hpp   : 165)   Running Tip clipper
  0:00:00.401    16M / 3G    INFO   Simplification           (parallel_processing.hpp   : 167)   Tip clipper triggered 0 times
  0:00:00.401    16M / 3G    INFO   Simplification           (parallel_processing.hpp   : 165)   Running Bulge remover
  0:00:00.401    16M / 3G    INFO   Simplification           (parallel_processing.hpp   : 167)   Bulge remover triggered 0 times
  0:00:00.401    16M / 3G    INFO   Simplification           (parallel_processing.hpp   : 165)   Running Tip clipper
  0:00:00.401    16M / 3G    INFO   Simplification           (parallel_processing.hpp   : 167)   Tip clipper triggered 0 times
  0:00:00.401    16M / 3G    INFO   Simplification           (parallel_processing.hpp   : 165)   Running Bulge remover
  0:00:00.401    16M / 3G    INFO   Simplification           (parallel_processing.hpp   : 167)   Bulge remover triggered 0 times
  0:00:00.401    16M / 3G    INFO    General                 (simplification.cpp        : 330)   Disrupting self-conjugate edges
  0:00:00.401    16M / 3G    INFO   Simplification           (parallel_processing.hpp   : 165)   Running Removing isolated edges
  0:00:00.402    16M / 3G    INFO   Simplification           (parallel_processing.hpp   : 167)   Removing isolated edges triggered 47 times
  0:00:00.402    16M / 3G    INFO    General                 (simplification.cpp        : 470)   Counting average coverage
  0:00:00.402    16M / 3G    INFO    General                 (simplification.cpp        : 476)   Average coverage = 1.92171
  0:00:00.402    16M / 3G    WARN    General                 (simplification.cpp        : 479)   The determined erroneous connection coverage threshold may be determined improperly
  0:00:00.402    16M / 3G    INFO   StageManager             (stage.cpp                 : 132)   STAGE == Contig Output
  0:00:00.402    16M / 3G    INFO    General                 (contig_output.hpp         :  22)   Outputting contigs to /Users/cmdb/qbb2019-answers/week2_folder/velveth_directory//K33/simplified_contigs.fasta
  0:00:00.405    16M / 3G    INFO    General                 (launch.hpp                : 151)   SPAdes finished
  0:00:00.405    16M / 3G    INFO    General                 (main.cpp                  : 109)   Assembling time: 0 hours 0 minutes 0 seconds

== Running assembler: K55

  0:00:00.000     4M / 4M    INFO    General                 (main.cpp                  :  74)   Loaded config from /Users/cmdb/qbb2019-answers/week2_folder/velveth_directory/K55/configs/config.info
  0:00:00.000     4M / 4M    INFO    General                 (memory_limit.cpp          :  49)   Memory limit set to 250 Gb
  0:00:00.000     4M / 4M    INFO    General                 (main.cpp                  :  87)   Starting SPAdes, built from N/A, git revision N/A
  0:00:00.000     4M / 4M    INFO    General                 (main.cpp                  :  88)   Maximum k-mer length: 128
  0:00:00.000     4M / 4M    INFO    General                 (main.cpp                  :  89)   Assembling dataset (/Users/cmdb/qbb2019-answers/week2_folder/velveth_directory/dataset.info) with K=55
  0:00:00.000     4M / 4M    INFO    General                 (main.cpp                  :  90)   Maximum # of threads to use (adjusted due to OMP capabilities): 4
  0:00:00.000     4M / 4M    INFO    General                 (launch.hpp                :  52)   SPAdes started
  0:00:00.000     4M / 4M    INFO    General                 (launch.hpp                :  59)   Starting from stage: construction
  0:00:00.000     4M / 4M    INFO    General                 (launch.hpp                :  66)   Two-step RR enabled: 0
  0:00:00.000     4M / 4M    INFO    General                 (launch.hpp                :  77)   Will need read mapping, kmer mapper will be attached
  0:00:00.000     4M / 4M    INFO   StageManager             (stage.cpp                 : 132)   STAGE == de Bruijn graph construction
  0:00:00.001     4M / 4M    INFO    General                 (read_converter.hpp        :  59)   Binary reads detected
  0:00:00.006     4M / 4M    INFO    General                 (construction.cpp          : 111)   Max read length 100
  0:00:00.006     4M / 4M    INFO    General                 (construction.cpp          : 117)   Average read length 93.3625
  0:00:00.006     4M / 4M    INFO    General                 (stage.cpp                 : 101)   PROCEDURE == k+1-mer counting
  0:00:00.006     4M / 4M    INFO    General                 (kmer_index_builder.hpp    : 117)   Splitting kmer instances into 16 files using 4 threads. This might take a while.
  0:00:00.006     4M / 4M    INFO    General                 (file_limit.hpp            :  32)   Open file limit set to 256
  0:00:00.006     4M / 4M    INFO    General                 (kmer_splitters.hpp        :  89)   Memory available for splitting buffers: 20.833 Gb
  0:00:00.006     4M / 4M    INFO    General                 (kmer_splitters.hpp        :  97)   Using cell size of 2097152
  0:00:00.021     2G / 2G    INFO    General                 (kmer_splitters.hpp        : 295)   Adding contigs from previous K
  0:00:00.038    16M / 2G    INFO    General                 (kmer_splitters.hpp        : 308)   Used 4000 reads
  0:00:00.038    16M / 2G    INFO    General                 (kmer_index_builder.hpp    : 120)   Starting k-mer counting.
  0:00:00.059    16M / 2G    INFO    General                 (kmer_index_builder.hpp    : 127)   K-mer counting done. There are 58403 kmers in total.
  0:00:00.059    16M / 2G    INFO    General                 (kmer_index_builder.hpp    : 133)   Merging temporary buckets.
  0:00:00.069    16M / 2G    INFO    General                 (stage.cpp                 : 101)   PROCEDURE == Extension index construction
  0:00:00.070    16M / 2G    INFO   K-mer Index Building     (kmer_index_builder.hpp    : 301)   Building kmer index
  0:00:00.070    16M / 2G    INFO    General                 (kmer_index_builder.hpp    : 117)   Splitting kmer instances into 64 files using 4 threads. This might take a while.
  0:00:00.070    16M / 2G    INFO    General                 (file_limit.hpp            :  32)   Open file limit set to 256
  0:00:00.070    16M / 2G    INFO    General                 (kmer_splitters.hpp        :  89)   Memory available for splitting buffers: 20.832 Gb
  0:00:00.070    16M / 2G    INFO    General                 (kmer_splitters.hpp        :  97)   Using cell size of 524288
  0:00:00.105     3G / 3G    INFO    General                 (kmer_splitters.hpp        : 380)   Processed 58403 kmers
  0:00:00.105     3G / 3G    INFO    General                 (kmer_splitters.hpp        : 385)   Used 58403 kmers.
  0:00:00.107    16M / 3G    INFO    General                 (kmer_index_builder.hpp    : 120)   Starting k-mer counting.
  0:00:00.165    16M / 3G    INFO    General                 (kmer_index_builder.hpp    : 127)   K-mer counting done. There are 58889 kmers in total.
  0:00:00.165    16M / 3G    INFO    General                 (kmer_index_builder.hpp    : 133)   Merging temporary buckets.
  0:00:00.206    16M / 3G    INFO   K-mer Index Building     (kmer_index_builder.hpp    : 314)   Building perfect hash indices
  0:00:00.279    16M / 3G    INFO    General                 (kmer_index_builder.hpp    : 150)   Merging final buckets.
  0:00:00.288    16M / 3G    INFO   K-mer Index Building     (kmer_index_builder.hpp    : 336)   Index built. Total 36112 bytes occupied (4.90577 bits per kmer).
  0:00:00.289    16M / 3G    INFO   DeBruijnExtensionIndexBu (kmer_extension_index_build:  99)   Building k-mer extensions from k+1-mers
  0:00:00.296    16M / 3G    INFO   DeBruijnExtensionIndexBu (kmer_extension_index_build: 103)   Building k-mer extensions from k+1-mers finished.
  0:00:00.296    16M / 3G    INFO    General                 (stage.cpp                 : 101)   PROCEDURE == Condensing graph
  0:00:00.300    16M / 3G    INFO   UnbranchingPathExtractor (debruijn_graph_constructor: 355)   Extracting unbranching paths
  0:00:00.310    16M / 3G    INFO   UnbranchingPathExtractor (debruijn_graph_constructor: 374)   Extracting unbranching paths finished. 516 sequences extracted
  0:00:00.317    16M / 3G    INFO   UnbranchingPathExtractor (debruijn_graph_constructor: 310)   Collecting perfect loops
  0:00:00.323    16M / 3G    INFO   UnbranchingPathExtractor (debruijn_graph_constructor: 343)   Collecting perfect loops finished. 0 loops collected
  0:00:00.324    16M / 3G    INFO    General                 (stage.cpp                 : 101)   PROCEDURE == Filling coverage indices (PHM)
  0:00:00.324    16M / 3G    INFO   K-mer Index Building     (kmer_index_builder.hpp    : 301)   Building kmer index
  0:00:00.324    16M / 3G    INFO   K-mer Index Building     (kmer_index_builder.hpp    : 314)   Building perfect hash indices
  0:00:00.330    16M / 3G    INFO   K-mer Index Building     (kmer_index_builder.hpp    : 336)   Index built. Total 29200 bytes occupied (3.99979 bits per kmer).
  0:00:00.330    16M / 3G    INFO    General                 (construction.cpp          : 388)   Collecting k-mer coverage information from reads, this takes a while.
  0:00:00.335    16M / 3G    INFO    General                 (construction.cpp          : 508)   Filling coverage and flanking coverage from PHM
  0:00:00.341    16M / 3G    INFO    General                 (construction.cpp          : 464)   Processed 1032 edges
  0:00:00.342    16M / 3G    INFO   StageManager             (stage.cpp                 : 132)   STAGE == EC Threshold Finding
  0:00:00.342    16M / 3G    INFO    General                 (kmer_coverage_model.cpp   : 181)   Kmer coverage valley at: 10
  0:00:00.342    16M / 3G    INFO    General                 (kmer_coverage_model.cpp   : 201)   K-mer histogram maximum: 11
  0:00:00.342    16M / 3G    WARN    General                 (kmer_coverage_model.cpp   : 218)   Too many erroneous kmers, the estimates might be unreliable
  0:00:00.342    16M / 3G    INFO    General                 (kmer_coverage_model.cpp   : 237)   Estimated median coverage: 11. Coverage mad: 10.9953
  0:00:00.342    16M / 3G    INFO    General                 (kmer_coverage_model.cpp   : 259)   Fitting coverage model
  0:00:00.342    16M / 3G    INFO    General                 (kmer_coverage_model.cpp   : 295)   ... iteration 2
  0:00:00.344    16M / 3G    INFO    General                 (kmer_coverage_model.cpp   : 295)   ... iteration 4
  0:00:00.351    16M / 3G    INFO    General                 (kmer_coverage_model.cpp   : 295)   ... iteration 8
  0:00:00.362    16M / 3G    INFO    General                 (kmer_coverage_model.cpp   : 295)   ... iteration 16
  0:00:00.371    16M / 3G    INFO    General                 (kmer_coverage_model.cpp   : 309)   Fitted mean coverage: 8.58792. Fitted coverage std. dev: 1.1997
  0:00:00.371    16M / 3G    WARN    General                 (kmer_coverage_model.cpp   : 327)   Valley value was estimated improperly, reset to 3
  0:00:00.371    16M / 3G    INFO    General                 (kmer_coverage_model.cpp   : 334)   Probability of erroneous kmer at valley: 1
  0:00:00.371    16M / 3G    WARN    General                 (kmer_coverage_model.cpp   : 366)   Failed to determine erroneous kmer threshold. Threshold set to: 3
  0:00:00.371    16M / 3G    INFO    General                 (kmer_coverage_model.cpp   : 375)   Estimated genome size (ignoring repeats): 4820
  0:00:00.371    16M / 3G    INFO    General                 (genomic_info_filler.cpp   : 114)   Failed to estimate mean coverage
  0:00:00.371    16M / 3G    INFO    General                 (genomic_info_filler.cpp   : 127)   EC coverage threshold value was calculated as 3
  0:00:00.371    16M / 3G    INFO    General                 (genomic_info_filler.cpp   : 128)   Trusted kmer low bound: 0
  0:00:00.371    16M / 3G    INFO   StageManager             (stage.cpp                 : 132)   STAGE == Gap Closer
  0:00:00.371    16M / 3G    INFO    General                 (graph_pack.hpp            : 101)   Index refill
  0:00:00.372    16M / 3G    INFO   K-mer Index Building     (kmer_index_builder.hpp    : 301)   Building kmer index
  0:00:00.372    16M / 3G    INFO    General                 (kmer_index_builder.hpp    : 117)   Splitting kmer instances into 64 files using 4 threads. This might take a while.
  0:00:00.372    16M / 3G    INFO    General                 (file_limit.hpp            :  32)   Open file limit set to 256
  0:00:00.372    16M / 3G    INFO    General                 (kmer_splitters.hpp        :  89)   Memory available for splitting buffers: 20.832 Gb
  0:00:00.372    16M / 3G    INFO    General                 (kmer_splitters.hpp        :  97)   Using cell size of 524288
  0:00:00.402     3G / 3G    INFO    General                 (edge_index_builders.hpp   :  77)   Processed 1032 edges
  0:00:00.402     3G / 3G    INFO    General                 (edge_index_builders.hpp   :  82)   Used 1032 sequences.
  0:00:00.404    16M / 3G    INFO    General                 (kmer_index_builder.hpp    : 120)   Starting k-mer counting.
  0:00:00.475    16M / 3G    INFO    General                 (kmer_index_builder.hpp    : 127)   K-mer counting done. There are 58403 kmers in total.
  0:00:00.475    16M / 3G    INFO    General                 (kmer_index_builder.hpp    : 133)   Merging temporary buckets.
  0:00:00.518    16M / 3G    INFO   K-mer Index Building     (kmer_index_builder.hpp    : 314)   Building perfect hash indices
  0:00:00.545    16M / 3G    INFO    General                 (kmer_index_builder.hpp    : 150)   Merging final buckets.
  0:00:00.553    16M / 3G    INFO   K-mer Index Building     (kmer_index_builder.hpp    : 336)   Index built. Total 35848 bytes occupied (4.91043 bits per kmer).
  0:00:00.553    16M / 3G    INFO    General                 (edge_index_builders.hpp   : 107)   Collecting edge information from graph, this takes a while.
  0:00:00.556    16M / 3G    INFO    General                 (edge_index.hpp            :  92)   Index refilled
  0:00:00.557    16M / 3G    INFO    General                 (gap_closer.cpp            : 159)   Preparing shift maps
  0:00:00.558    16M / 3G    INFO    General                 (gap_closer.cpp            : 119)   Processing paired reads (takes a while)
  0:00:00.564    16M / 3G    INFO    General                 (gap_closer.cpp            : 138)   Used 1000 paired reads
  0:00:00.564    16M / 3G    INFO    General                 (gap_closer.cpp            : 140)   Merging paired indices
  0:00:00.565    16M / 3G    INFO   GapCloser                (gap_closer.cpp            : 346)   Closing short gaps
  0:00:00.566    16M / 3G    INFO   GapCloser                (gap_closer.cpp            : 380)   Closing short gaps complete: filled 18 gaps after checking 113 candidates
  0:00:00.570    16M / 3G    INFO   StageManager             (stage.cpp                 : 132)   STAGE == Raw Simplification
  0:00:00.571    16M / 3G    INFO    General                 (simplification.cpp        : 128)   PROCEDURE == InitialCleaning
  0:00:00.571    16M / 3G    INFO    General                 (simplification.cpp        :  68)   Most init cleaning disabled since detected mean 0 was less than activation coverage 10
  0:00:00.571    16M / 3G    INFO   Simplification           (parallel_processing.hpp   : 165)   Running Self conjugate edge remover
  0:00:00.571    16M / 3G    INFO   Simplification           (parallel_processing.hpp   : 167)   Self conjugate edge remover triggered 0 times
  0:00:00.571    16M / 3G    INFO   StageManager             (stage.cpp                 : 132)   STAGE == Simplification
  0:00:00.571    16M / 3G    INFO    General                 (simplification.cpp        : 357)   Graph simplification started
  0:00:00.571    16M / 3G    INFO    General                 (graph_simplification.hpp  : 641)   Creating parallel br instance
  0:00:00.571    16M / 3G    INFO    General                 (simplification.cpp        : 362)   PROCEDURE == Simplification cycle, iteration 1
  0:00:00.571    16M / 3G    INFO   Simplification           (parallel_processing.hpp   : 165)   Running Tip clipper
  0:00:00.572    16M / 3G    INFO   Simplification           (parallel_processing.hpp   : 167)   Tip clipper triggered 15 times
  0:00:00.572    16M / 3G    INFO   Simplification           (parallel_processing.hpp   : 165)   Running Bulge remover
  0:00:00.572    16M / 3G    INFO   Simplification           (parallel_processing.hpp   : 167)   Bulge remover triggered 0 times
  0:00:00.572    16M / 3G    INFO   Simplification           (parallel_processing.hpp   : 165)   Running Low coverage edge remover
  0:00:00.573    16M / 3G    INFO   Simplification           (parallel_processing.hpp   : 167)   Low coverage edge remover triggered 0 times
  0:00:00.573    16M / 3G    INFO    General                 (simplification.cpp        : 362)   PROCEDURE == Simplification cycle, iteration 2
  0:00:00.573    16M / 3G    INFO   Simplification           (parallel_processing.hpp   : 165)   Running Tip clipper
  0:00:00.573    16M / 3G    INFO   Simplification           (parallel_processing.hpp   : 167)   Tip clipper triggered 0 times
  0:00:00.573    16M / 3G    INFO   Simplification           (parallel_processing.hpp   : 165)   Running Bulge remover
  0:00:00.573    16M / 3G    INFO   Simplification           (parallel_processing.hpp   : 167)   Bulge remover triggered 0 times
  0:00:00.573    16M / 3G    INFO   Simplification           (parallel_processing.hpp   : 165)   Running Low coverage edge remover
  0:00:00.573    16M / 3G    INFO   Simplification           (parallel_processing.hpp   : 167)   Low coverage edge remover triggered 0 times
  0:00:00.573    16M / 3G    INFO    General                 (simplification.cpp        : 362)   PROCEDURE == Simplification cycle, iteration 3
  0:00:00.573    16M / 3G    INFO   Simplification           (parallel_processing.hpp   : 165)   Running Tip clipper
  0:00:00.573    16M / 3G    INFO   Simplification           (parallel_processing.hpp   : 167)   Tip clipper triggered 0 times
  0:00:00.573    16M / 3G    INFO   Simplification           (parallel_processing.hpp   : 165)   Running Bulge remover
  0:00:00.573    16M / 3G    INFO   Simplification           (parallel_processing.hpp   : 167)   Bulge remover triggered 0 times
  0:00:00.573    16M / 3G    INFO   Simplification           (parallel_processing.hpp   : 165)   Running Low coverage edge remover
  0:00:00.573    16M / 3G    INFO   Simplification           (parallel_processing.hpp   : 167)   Low coverage edge remover triggered 0 times
  0:00:00.573    16M / 3G    INFO    General                 (simplification.cpp        : 362)   PROCEDURE == Simplification cycle, iteration 4
  0:00:00.573    16M / 3G    INFO   Simplification           (parallel_processing.hpp   : 165)   Running Tip clipper
  0:00:00.573    16M / 3G    INFO   Simplification           (parallel_processing.hpp   : 167)   Tip clipper triggered 0 times
  0:00:00.573    16M / 3G    INFO   Simplification           (parallel_processing.hpp   : 165)   Running Bulge remover
  0:00:00.573    16M / 3G    INFO   Simplification           (parallel_processing.hpp   : 167)   Bulge remover triggered 0 times
  0:00:00.573    16M / 3G    INFO   Simplification           (parallel_processing.hpp   : 165)   Running Low coverage edge remover
  0:00:00.573    16M / 3G    INFO   Simplification           (parallel_processing.hpp   : 167)   Low coverage edge remover triggered 0 times
  0:00:00.573    16M / 3G    INFO    General                 (simplification.cpp        : 362)   PROCEDURE == Simplification cycle, iteration 5
  0:00:00.573    16M / 3G    INFO   Simplification           (parallel_processing.hpp   : 165)   Running Tip clipper
  0:00:00.573    16M / 3G    INFO   Simplification           (parallel_processing.hpp   : 167)   Tip clipper triggered 0 times
  0:00:00.573    16M / 3G    INFO   Simplification           (parallel_processing.hpp   : 165)   Running Bulge remover
  0:00:00.573    16M / 3G    INFO   Simplification           (parallel_processing.hpp   : 167)   Bulge remover triggered 0 times
  0:00:00.573    16M / 3G    INFO   Simplification           (parallel_processing.hpp   : 165)   Running Low coverage edge remover
  0:00:00.573    16M / 3G    INFO   Simplification           (parallel_processing.hpp   : 167)   Low coverage edge remover triggered 0 times
  0:00:00.573    16M / 3G    INFO    General                 (simplification.cpp        : 362)   PROCEDURE == Simplification cycle, iteration 6
  0:00:00.573    16M / 3G    INFO   Simplification           (parallel_processing.hpp   : 165)   Running Tip clipper
  0:00:00.573    16M / 3G    INFO   Simplification           (parallel_processing.hpp   : 167)   Tip clipper triggered 0 times
  0:00:00.573    16M / 3G    INFO   Simplification           (parallel_processing.hpp   : 165)   Running Bulge remover
  0:00:00.573    16M / 3G    INFO   Simplification           (parallel_processing.hpp   : 167)   Bulge remover triggered 0 times
  0:00:00.573    16M / 3G    INFO   Simplification           (parallel_processing.hpp   : 165)   Running Low coverage edge remover
  0:00:00.573    16M / 3G    INFO   Simplification           (parallel_processing.hpp   : 167)   Low coverage edge remover triggered 0 times
  0:00:00.573    16M / 3G    INFO    General                 (simplification.cpp        : 362)   PROCEDURE == Simplification cycle, iteration 7
  0:00:00.573    16M / 3G    INFO   Simplification           (parallel_processing.hpp   : 165)   Running Tip clipper
  0:00:00.573    16M / 3G    INFO   Simplification           (parallel_processing.hpp   : 167)   Tip clipper triggered 0 times
  0:00:00.573    16M / 3G    INFO   Simplification           (parallel_processing.hpp   : 165)   Running Bulge remover
  0:00:00.573    16M / 3G    INFO   Simplification           (parallel_processing.hpp   : 167)   Bulge remover triggered 0 times
  0:00:00.573    16M / 3G    INFO   Simplification           (parallel_processing.hpp   : 165)   Running Low coverage edge remover
  0:00:00.573    16M / 3G    INFO   Simplification           (parallel_processing.hpp   : 167)   Low coverage edge remover triggered 0 times
  0:00:00.573    16M / 3G    INFO    General                 (simplification.cpp        : 362)   PROCEDURE == Simplification cycle, iteration 8
  0:00:00.573    16M / 3G    INFO   Simplification           (parallel_processing.hpp   : 165)   Running Tip clipper
  0:00:00.573    16M / 3G    INFO   Simplification           (parallel_processing.hpp   : 167)   Tip clipper triggered 0 times
  0:00:00.573    16M / 3G    INFO   Simplification           (parallel_processing.hpp   : 165)   Running Bulge remover
  0:00:00.573    16M / 3G    INFO   Simplification           (parallel_processing.hpp   : 167)   Bulge remover triggered 0 times
  0:00:00.573    16M / 3G    INFO   Simplification           (parallel_processing.hpp   : 165)   Running Low coverage edge remover
  0:00:00.573    16M / 3G    INFO   Simplification           (parallel_processing.hpp   : 167)   Low coverage edge remover triggered 0 times
  0:00:00.573    16M / 3G    INFO    General                 (simplification.cpp        : 362)   PROCEDURE == Simplification cycle, iteration 9
  0:00:00.573    16M / 3G    INFO   Simplification           (parallel_processing.hpp   : 165)   Running Tip clipper
  0:00:00.573    16M / 3G    INFO   Simplification           (parallel_processing.hpp   : 167)   Tip clipper triggered 0 times
  0:00:00.573    16M / 3G    INFO   Simplification           (parallel_processing.hpp   : 165)   Running Bulge remover
  0:00:00.573    16M / 3G    INFO   Simplification           (parallel_processing.hpp   : 167)   Bulge remover triggered 0 times
  0:00:00.573    16M / 3G    INFO   Simplification           (parallel_processing.hpp   : 165)   Running Low coverage edge remover
  0:00:00.573    16M / 3G    INFO   Simplification           (parallel_processing.hpp   : 167)   Low coverage edge remover triggered 0 times
  0:00:00.573    16M / 3G    INFO    General                 (simplification.cpp        : 362)   PROCEDURE == Simplification cycle, iteration 10
  0:00:00.573    16M / 3G    INFO   Simplification           (parallel_processing.hpp   : 165)   Running Tip clipper
  0:00:00.573    16M / 3G    INFO   Simplification           (parallel_processing.hpp   : 167)   Tip clipper triggered 0 times
  0:00:00.573    16M / 3G    INFO   Simplification           (parallel_processing.hpp   : 165)   Running Bulge remover
  0:00:00.574    16M / 3G    INFO   Simplification           (parallel_processing.hpp   : 167)   Bulge remover triggered 0 times
  0:00:00.574    16M / 3G    INFO   Simplification           (parallel_processing.hpp   : 165)   Running Low coverage edge remover
  0:00:00.574    16M / 3G    INFO   Simplification           (parallel_processing.hpp   : 167)   Low coverage edge remover triggered 0 times
  0:00:00.574    16M / 3G    INFO    General                 (simplification.cpp        : 362)   PROCEDURE == Simplification cycle, iteration 11
  0:00:00.574    16M / 3G    INFO   Simplification           (parallel_processing.hpp   : 165)   Running Tip clipper
  0:00:00.574    16M / 3G    INFO   Simplification           (parallel_processing.hpp   : 167)   Tip clipper triggered 0 times
  0:00:00.574    16M / 3G    INFO   Simplification           (parallel_processing.hpp   : 165)   Running Bulge remover
  0:00:00.574    16M / 3G    INFO   Simplification           (parallel_processing.hpp   : 167)   Bulge remover triggered 0 times
  0:00:00.574    16M / 3G    INFO   Simplification           (parallel_processing.hpp   : 165)   Running Low coverage edge remover
  0:00:00.574    16M / 3G    INFO   Simplification           (parallel_processing.hpp   : 167)   Low coverage edge remover triggered 0 times
  0:00:00.574    16M / 3G    INFO   StageManager             (stage.cpp                 : 132)   STAGE == Gap Closer
  0:00:00.574    16M / 3G    INFO    General                 (graph_pack.hpp            : 101)   Index refill
  0:00:00.574    16M / 3G    INFO   K-mer Index Building     (kmer_index_builder.hpp    : 301)   Building kmer index
  0:00:00.574    16M / 3G    INFO    General                 (kmer_index_builder.hpp    : 117)   Splitting kmer instances into 64 files using 4 threads. This might take a while.
  0:00:00.574    16M / 3G    INFO    General                 (file_limit.hpp            :  32)   Open file limit set to 256
  0:00:00.574    16M / 3G    INFO    General                 (kmer_splitters.hpp        :  89)   Memory available for splitting buffers: 20.832 Gb
  0:00:00.575    16M / 3G    INFO    General                 (kmer_splitters.hpp        :  97)   Using cell size of 524288
  0:00:00.607     3G / 3G    INFO    General                 (edge_index_builders.hpp   :  82)   Used 936 sequences.
  0:00:00.608    16M / 3G    INFO    General                 (kmer_index_builder.hpp    : 120)   Starting k-mer counting.
  0:00:00.662    16M / 3G    INFO    General                 (kmer_index_builder.hpp    : 127)   K-mer counting done. There are 58830 kmers in total.
  0:00:00.662    16M / 3G    INFO    General                 (kmer_index_builder.hpp    : 133)   Merging temporary buckets.
  0:00:00.704    16M / 3G    INFO   K-mer Index Building     (kmer_index_builder.hpp    : 314)   Building perfect hash indices
  0:00:00.731    16M / 3G    INFO    General                 (kmer_index_builder.hpp    : 150)   Merging final buckets.
  0:00:00.738    16M / 3G    INFO   K-mer Index Building     (kmer_index_builder.hpp    : 336)   Index built. Total 36088 bytes occupied (4.90743 bits per kmer).
  0:00:00.739    16M / 3G    INFO    General                 (edge_index_builders.hpp   : 107)   Collecting edge information from graph, this takes a while.
  0:00:00.742    16M / 3G    INFO    General                 (edge_index.hpp            :  92)   Index refilled
  0:00:00.743    16M / 3G    INFO    General                 (gap_closer.cpp            : 159)   Preparing shift maps
  0:00:00.743    16M / 3G    INFO    General                 (gap_closer.cpp            : 119)   Processing paired reads (takes a while)
  0:00:00.750    16M / 3G    INFO    General                 (gap_closer.cpp            : 138)   Used 1000 paired reads
  0:00:00.750    16M / 3G    INFO    General                 (gap_closer.cpp            : 140)   Merging paired indices
  0:00:00.751    16M / 3G    INFO   GapCloser                (gap_closer.cpp            : 346)   Closing short gaps
  0:00:00.752    16M / 3G    INFO   GapCloser                (gap_closer.cpp            : 380)   Closing short gaps complete: filled 0 gaps after checking 94 candidates
  0:00:00.752    16M / 3G    INFO   StageManager             (stage.cpp                 : 132)   STAGE == Simplification Cleanup
  0:00:00.752    16M / 3G    INFO    General                 (simplification.cpp        : 196)   PROCEDURE == Post simplification
  0:00:00.752    16M / 3G    INFO    General                 (graph_simplification.hpp  : 458)   Disconnection of relatively low covered edges disabled
  0:00:00.752    16M / 3G    INFO    General                 (graph_simplification.hpp  : 494)   Complex tip clipping disabled
  0:00:00.752    16M / 3G    INFO    General                 (graph_simplification.hpp  : 641)   Creating parallel br instance
  0:00:00.752    16M / 3G    INFO   Simplification           (parallel_processing.hpp   : 165)   Running Tip clipper
  0:00:00.753    16M / 3G    INFO   Simplification           (parallel_processing.hpp   : 167)   Tip clipper triggered 0 times
  0:00:00.753    16M / 3G    INFO   Simplification           (parallel_processing.hpp   : 165)   Running Bulge remover
  0:00:00.753    16M / 3G    INFO   Simplification           (parallel_processing.hpp   : 167)   Bulge remover triggered 0 times
  0:00:00.753    16M / 3G    INFO   Simplification           (parallel_processing.hpp   : 165)   Running Tip clipper
  0:00:00.753    16M / 3G    INFO   Simplification           (parallel_processing.hpp   : 167)   Tip clipper triggered 0 times
  0:00:00.753    16M / 3G    INFO   Simplification           (parallel_processing.hpp   : 165)   Running Bulge remover
  0:00:00.753    16M / 3G    INFO   Simplification           (parallel_processing.hpp   : 167)   Bulge remover triggered 0 times
  0:00:00.753    16M / 3G    INFO    General                 (simplification.cpp        : 330)   Disrupting self-conjugate edges
  0:00:00.753    16M / 3G    INFO   Simplification           (parallel_processing.hpp   : 165)   Running Removing isolated edges
  0:00:00.760    16M / 3G    INFO   Simplification           (parallel_processing.hpp   : 167)   Removing isolated edges triggered 340 times
  0:00:00.760    16M / 3G    INFO    General                 (simplification.cpp        : 470)   Counting average coverage
  0:00:00.760    16M / 3G    INFO    General                 (simplification.cpp        : 476)   Average coverage = 1.32514
  0:00:00.760    16M / 3G    WARN    General                 (simplification.cpp        : 479)   The determined erroneous connection coverage threshold may be determined improperly
  0:00:00.760    16M / 3G    INFO   StageManager             (stage.cpp                 : 132)   STAGE == Mismatch Correction
  0:00:00.760    16M / 3G    INFO    General                 (graph_pack.hpp            : 109)   Normalizing k-mer map. Total 0 kmers to process
  0:00:00.760    16M / 3G    INFO    General                 (graph_pack.hpp            : 111)   Normalizing done
  0:00:00.769    16M / 3G    INFO    General                 (mismatch_shall_not_pass.hp: 189)   Finished collecting potential mismatches positions
  0:00:00.769    16M / 3G    INFO    General                 (mismatch_shall_not_pass.hp: 290)   All edges processed
  0:00:00.769    16M / 3G    INFO    General                 (mismatch_correction.cpp   :  27)   Corrected 0 nucleotides
  0:00:00.770    16M / 3G    INFO   StageManager             (stage.cpp                 : 132)   STAGE == Contig Output
  0:00:00.770    16M / 3G    INFO    General                 (contig_output_stage.cpp   :  45)   Writing GFA to /Users/cmdb/qbb2019-answers/week2_folder/velveth_directory//K55/assembly_graph_with_scaffolds.gfa
  0:00:00.771    16M / 3G    INFO    General                 (contig_output.hpp         :  22)   Outputting contigs to /Users/cmdb/qbb2019-answers/week2_folder/velveth_directory//K55/before_rr.fasta
  0:00:00.773    16M / 3G    INFO    General                 (contig_output_stage.cpp   :  56)   Outputting FastG graph to /Users/cmdb/qbb2019-answers/week2_folder/velveth_directory//K55/assembly_graph.fastg
  0:00:00.776    16M / 3G    INFO    General                 (contig_output.hpp         :  22)   Outputting contigs to /Users/cmdb/qbb2019-answers/week2_folder/velveth_directory//K55/final_contigs.fasta
  0:00:00.778    16M / 3G    INFO   StageManager             (stage.cpp                 : 132)   STAGE == Paired Information Counting
  0:00:00.778    16M / 3G    INFO    General                 (graph_pack.hpp            : 109)   Normalizing k-mer map. Total 0 kmers to process
  0:00:00.778    16M / 3G    INFO    General                 (graph_pack.hpp            : 111)   Normalizing done
  0:00:00.778    16M / 3G    INFO    General                 (pair_info_count.cpp       : 323)   Min edge length for estimation: 330
  0:00:00.778    16M / 3G    INFO    General                 (pair_info_count.cpp       : 334)   Estimating insert size for library #0
  0:00:00.778    16M / 3G    INFO    General                 (pair_info_count.cpp       : 190)   Estimating insert size (takes a while)
  0:00:00.816    96M / 3G    INFO    General                 (pair_info_count.cpp       :  39)   Selecting usual mapper
  0:00:00.899    96M / 3G    INFO    General                 (sequence_mapper_notifier.h:  98)   Total 1000 reads processed
  0:00:00.947    96M / 3G    INFO    General                 (pair_info_count.cpp       : 209)   Edge pairs: 67108864 (rough upper limit)
  0:00:00.947    96M / 3G    INFO    General                 (pair_info_count.cpp       : 213)   337 paired reads (33.7% of all) aligned to long edges
  0:00:00.950    16M / 3G    INFO    General                 (pair_info_count.cpp       : 357)     Insert size = 215.595, deviation = 10.4424, left quantile = 202, right quantile = 229, read length = 100
  0:00:01.029   208M / 3G    INFO    General                 (pair_info_count.cpp       : 374)   Filtering data for library #0
  0:00:01.030   208M / 3G    INFO    General                 (pair_info_count.cpp       :  39)   Selecting usual mapper
  0:00:01.033   208M / 3G    INFO    General                 (sequence_mapper_notifier.h:  98)   Total 1000 reads processed
  0:00:01.033   208M / 3G    INFO    General                 (pair_info_count.cpp       : 386)   Mapping library #0
  0:00:01.033   208M / 3G    INFO    General                 (pair_info_count.cpp       : 388)   Mapping paired reads (takes a while)
  0:00:01.033   208M / 3G    INFO    General                 (pair_info_count.cpp       : 289)   Left insert size quantile 202, right insert size quantile 229, filtering threshold 2, rounding threshold 0
  0:00:01.041   220M / 3G    INFO    General                 (pair_info_count.cpp       :  39)   Selecting usual mapper
  0:00:01.045   220M / 3G    INFO    General                 (sequence_mapper_notifier.h:  98)   Total 1000 reads processed
  0:00:01.057    16M / 3G    INFO   StageManager             (stage.cpp                 : 132)   STAGE == Distance Estimation
  0:00:01.057    16M / 3G    INFO    General                 (distance_estimation.cpp   : 173)   Processing library #0
  0:00:01.057    16M / 3G    INFO    General                 (distance_estimation.cpp   : 149)   Weight Filter Done
  0:00:01.057    16M / 3G    INFO   DistanceEstimator        (distance_estimation.hpp   : 116)   Using SIMPLE distance estimator
  0:00:01.058    16M / 3G    INFO    General                 (distance_estimation.cpp   :  34)   Filtering info
  0:00:01.058    16M / 3G    INFO    General                 (pair_info_filters.hpp     : 242)   Start filtering; index size: 256
  0:00:01.058    16M / 3G    INFO    General                 (pair_info_filters.hpp     : 263)   Done filtering
  0:00:01.058    16M / 3G    INFO    General                 (distance_estimation.cpp   : 156)   Refining clustered pair information
  0:00:01.058    16M / 3G    INFO    General                 (distance_estimation.cpp   : 158)   The refining of clustered pair information has been finished
  0:00:01.058    16M / 3G    INFO    General                 (distance_estimation.cpp   : 160)   Improving paired information
  0:00:01.058    16M / 3G    INFO   PairInfoImprover         (pair_info_improver.hpp    : 103)   Paired info stats: missing = 0; contradictional = 0
  0:00:01.059    16M / 3G    INFO   PairInfoImprover         (pair_info_improver.hpp    : 103)   Paired info stats: missing = 0; contradictional = 0
  0:00:01.059    16M / 3G    INFO    General                 (distance_estimation.cpp   : 103)   Filling scaffolding index
  0:00:01.059    16M / 3G    INFO   DistanceEstimator        (distance_estimation.hpp   : 116)   Using SMOOTHING distance estimator
  0:00:01.059    16M / 3G    INFO    General                 (distance_estimation.cpp   :  34)   Filtering info
  0:00:01.059    16M / 3G    INFO    General                 (pair_info_filters.hpp     : 242)   Start filtering; index size: 256
  0:00:01.059    16M / 3G    INFO    General                 (pair_info_filters.hpp     : 263)   Done filtering
  0:00:01.059    16M / 3G    INFO    General                 (distance_estimation.cpp   : 182)   Clearing raw paired index
  0:00:01.059    16M / 3G    INFO   StageManager             (stage.cpp                 : 132)   STAGE == Repeat Resolving
  0:00:01.059    16M / 3G    INFO    General                 (repeat_resolving.cpp      :  69)   Using Path-Extend repeat resolving
  0:00:01.059    16M / 3G    INFO    General                 (launcher.cpp              : 481)   ExSPAnder repeat resolving tool started
  0:00:01.060    16M / 3G    INFO    General                 (launcher.cpp              : 392)   Creating main extenders, unique edge length = 2000
  0:00:01.060    16M / 3G    INFO    General                 (extenders_logic.cpp       : 278)   Estimated coverage of library #0 is 1.32514
  0:00:01.060    16M / 3G    INFO    General                 (extenders_logic.cpp       : 278)   Estimated coverage of library #0 is 1.32514
  0:00:01.060    16M / 3G    INFO    General                 (extenders_logic.cpp       : 475)   Using 1 paired-end library
  0:00:01.060    16M / 3G    INFO    General                 (extenders_logic.cpp       : 476)   Using 1 paired-end scaffolding library
  0:00:01.060    16M / 3G    INFO    General                 (extenders_logic.cpp       : 477)   Using 0 single read libraries
  0:00:01.060    16M / 3G    INFO    General                 (launcher.cpp              : 420)   Total number of extenders is 3
  0:00:01.060    16M / 3G    INFO    General                 (path_extender.hpp         : 885)   Processed 0 paths from 128 (0%)
  0:00:01.061    16M / 3G    INFO    General                 (path_extender.hpp         : 885)   Processed 13 paths from 128 (10%)
  0:00:01.061    16M / 3G    INFO    General                 (path_extender.hpp         : 885)   Processed 26 paths from 128 (20%)
  0:00:01.062    16M / 3G    INFO    General                 (path_extender.hpp         : 885)   Processed 39 paths from 128 (30%)
  0:00:01.063    16M / 3G    INFO    General                 (path_extender.hpp         : 885)   Processed 52 paths from 128 (40%)
  0:00:01.063    16M / 3G    INFO    General                 (path_extender.hpp         : 885)   Processed 65 paths from 128 (50%)
  0:00:01.064    16M / 3G    INFO    General                 (path_extender.hpp         : 885)   Processed 78 paths from 128 (60%)
  0:00:01.064    16M / 3G    INFO    General                 (path_extender.hpp         : 885)   Processed 91 paths from 128 (71%)
  0:00:01.065    16M / 3G    INFO    General                 (path_extender.hpp         : 885)   Processed 104 paths from 128 (81%)
  0:00:01.065    16M / 3G    INFO    General                 (path_extender.hpp         : 885)   Processed 117 paths from 128 (91%)
  0:00:01.066    16M / 3G    INFO    General                 (launcher.cpp              : 234)   Finalizing paths
  0:00:01.066    16M / 3G    INFO    General                 (launcher.cpp              : 236)   Deduplicating paths
  0:00:01.066    16M / 3G    INFO    General                 (launcher.cpp              : 240)   Paths deduplicated
  0:00:01.066    16M / 3G    INFO   PEResolver               (pe_resolver.hpp           : 295)   Removing overlaps
  0:00:01.066    16M / 3G    INFO   PEResolver               (pe_resolver.hpp           : 298)   Sorting paths
  0:00:01.066    16M / 3G    INFO   PEResolver               (pe_resolver.hpp           : 305)   Marking overlaps
  0:00:01.066    16M / 3G    INFO   OverlapRemover           (pe_resolver.hpp           : 130)   Marking start/end overlaps
  0:00:01.066    16M / 3G    INFO   OverlapRemover           (pe_resolver.hpp           : 133)   Marking remaining overlaps
  0:00:01.067    16M / 3G    INFO   PEResolver               (pe_resolver.hpp           : 308)   Splitting paths
  0:00:01.067    16M / 3G    INFO   PEResolver               (pe_resolver.hpp           : 313)   Deduplicating paths
  0:00:01.067    16M / 3G    INFO   PEResolver               (pe_resolver.hpp           : 315)   Overlaps removed
  0:00:01.067    16M / 3G    INFO    General                 (launcher.cpp              : 257)   Paths finalized
  0:00:01.067    16M / 3G    INFO    General                 (launcher.cpp              : 427)   Closing gaps in paths
  0:00:01.068    16M / 3G    INFO    General                 (launcher.cpp              : 455)   Gap closing completed
  0:00:01.068    16M / 3G    INFO    General                 (launcher.cpp              : 286)   Traversing tandem repeats
  0:00:01.068    16M / 3G    INFO    General                 (launcher.cpp              : 296)   Traversed 0 loops
  0:00:01.068    16M / 3G    INFO    General                 (launcher.cpp              : 234)   Finalizing paths
  0:00:01.068    16M / 3G    INFO    General                 (launcher.cpp              : 236)   Deduplicating paths
  0:00:01.068    16M / 3G    INFO    General                 (launcher.cpp              : 240)   Paths deduplicated
  0:00:01.068    16M / 3G    INFO   PEResolver               (pe_resolver.hpp           : 295)   Removing overlaps
  0:00:01.068    16M / 3G    INFO   PEResolver               (pe_resolver.hpp           : 298)   Sorting paths
  0:00:01.068    16M / 3G    INFO   PEResolver               (pe_resolver.hpp           : 305)   Marking overlaps
  0:00:01.068    16M / 3G    INFO   OverlapRemover           (pe_resolver.hpp           : 130)   Marking start/end overlaps
  0:00:01.069    16M / 3G    INFO   OverlapRemover           (pe_resolver.hpp           : 133)   Marking remaining overlaps
  0:00:01.070    16M / 3G    INFO   PEResolver               (pe_resolver.hpp           : 308)   Splitting paths
  0:00:01.070    16M / 3G    INFO   PEResolver               (pe_resolver.hpp           : 313)   Deduplicating paths
  0:00:01.070    16M / 3G    INFO   PEResolver               (pe_resolver.hpp           : 315)   Overlaps removed
  0:00:01.071    16M / 3G    INFO    General                 (launcher.cpp              : 257)   Paths finalized
  0:00:01.071    16M / 3G    INFO    General                 (launcher.cpp              : 534)   ExSPAnder repeat resolving tool finished
  0:00:01.071    16M / 3G    INFO   StageManager             (stage.cpp                 : 132)   STAGE == Contig Output
  0:00:01.071    16M / 3G    INFO    General                 (contig_output_stage.cpp   :  45)   Writing GFA to /Users/cmdb/qbb2019-answers/week2_folder/velveth_directory//K55/assembly_graph_with_scaffolds.gfa
  0:00:01.072    16M / 3G    INFO    General                 (contig_output.hpp         :  22)   Outputting contigs to /Users/cmdb/qbb2019-answers/week2_folder/velveth_directory//K55/before_rr.fasta
  0:00:01.073    16M / 3G    INFO    General                 (contig_output_stage.cpp   :  56)   Outputting FastG graph to /Users/cmdb/qbb2019-answers/week2_folder/velveth_directory//K55/assembly_graph.fastg
  0:00:01.077    16M / 3G    INFO    General                 (contig_output_stage.cpp   :  20)   Outputting FastG paths to /Users/cmdb/qbb2019-answers/week2_folder/velveth_directory//K55/final_contigs.paths
  0:00:01.079    16M / 3G    INFO    General                 (contig_output_stage.cpp   :  20)   Outputting FastG paths to /Users/cmdb/qbb2019-answers/week2_folder/velveth_directory//K55/scaffolds.paths
  0:00:01.082    16M / 3G    INFO    General                 (launch.hpp                : 151)   SPAdes finished
  0:00:01.083    16M / 3G    INFO    General                 (main.cpp                  : 109)   Assembling time: 0 hours 0 minutes 1 seconds

===== Assembling finished. Used k-mer sizes: 21, 33, 55 

 * Assembled contigs are in /Users/cmdb/qbb2019-answers/week2_folder/velveth_directory/contigs.fasta
 * Assembled scaffolds are in /Users/cmdb/qbb2019-answers/week2_folder/velveth_directory/scaffolds.fasta
 * Paths in the assembly graph corresponding to the contigs are in /Users/cmdb/qbb2019-answers/week2_folder/velveth_directory/contigs.paths
 * Paths in the assembly graph corresponding to the scaffolds are in /Users/cmdb/qbb2019-answers/week2_folder/velveth_directory/scaffolds.paths
 * Assembly graph is in /Users/cmdb/qbb2019-answers/week2_folder/velveth_directory/assembly_graph.fastg
 * Assembly graph in GFA format is in /Users/cmdb/qbb2019-answers/week2_folder/velveth_directory/assembly_graph_with_scaffolds.gfa

======= SPAdes pipeline finished WITH WARNINGS!

=== Error correction and assembling warnings:
 * 0:00:00.669    16M / 3G    WARN    General                 (kmer_coverage_model.cpp   : 218)   Too many erroneous kmers, the estimates might be unreliable
 * 0:00:00.692    16M / 3G    WARN    General                 (simplification.cpp        : 479)   The determined erroneous connection coverage threshold may be determined improperly
 * 0:00:00.398    16M / 3G    WARN    General                 (kmer_coverage_model.cpp   : 327)   Valley value was estimated improperly, reset to 5
 * 0:00:00.371    16M / 3G    WARN    General                 (kmer_coverage_model.cpp   : 327)   Valley value was estimated improperly, reset to 3
 * 0:00:00.371    16M / 3G    WARN    General                 (kmer_coverage_model.cpp   : 366)   Failed to determine erroneous kmer threshold. Threshold set to: 3
======= Warnings saved to /Users/cmdb/qbb2019-answers/week2_folder/velveth_directory/warnings.log

SPAdes log can be found here: /Users/cmdb/qbb2019-answers/week2_folder/velveth_directory/spades.log

Thank you for using SPAdes!
