24 CTATATATATATATATATATATAC STRG.31.3 gene=STRG.31
23 TATATATATATATATATATATAC STRG.31.3 gene=STRG.31
22 TATATATATATATATATATATA STRG.31.3 gene=STRG.31
22 ATATATATATATATATATATAC STRG.31.3 gene=STRG.31
21 TATATATATATATATATATAC STRG.31.3 gene=STRG.31
21 ATATATATATATATATATATA STRG.31.3 gene=STRG.31
20 TATATATATATATATATATG STRG.31.3 gene=STRG.31
20 TATATATATATATATATATA STRG.31.3 gene=STRG.31
20 ATATATATATATATATATAC STRG.31.3 gene=STRG.31
19 TCGCGGCTCCCGCAGCAGC STRG.32.1 gene=STRG.32
19 TATATATATATATATATAC STRG.31.3 gene=STRG.31
19 ATATATATATATATATATG STRG.31.3 gene=STRG.31
19 ATATATATATATATATATA STRG.31.3 gene=STRG.31
18 TGAGGTGGTCCAGGTGGT STRG.58.1 gene=STRG.58
18 TATATATATATATATATG STRG.31.3 gene=STRG.31
18 TATATATATATATATATA STRG.31.3 gene=STRG.31
18 CGCGGCTCCCGCAGCAGC STRG.32.1 gene=STRG.32
18 CCGCAGCAGCAGCAGCAG STRG.57.2 gene=STRG.57
18 CAGCAGCAGCAGCTCCAG STRG.20.2 gene=STRG.20
18 CAGCAGCAGCAGCAGCAG STRG.48.2 gene=STRG.48
18 CAGCAACAGCAGCAGCAG STRG.48.2 gene=STRG.48
18 ATATATATATATATATAC STRG.31.3 gene=STRG.31
18 ATAAATAATGATGCTGAG STRG.2.2 gene=STRG.2
18 AGCAGCAGCAGCAGTAGT STRG.14.1 gene=STRG.14
17 TCCTGCTGGCCGCCATG STRG.38.1 gene=STRG.38
17 TATATATATATATATAC STRG.31.3 gene=STRG.31
17 TAAATTTCTTTTATTTC STRG.1.1 gene=STRG.1
17 TAAATAATGATGCTGAG STRG.2.2 gene=STRG.2
17 GGAGCTGGAGATGGAGA STRG.31.2 gene=STRG.31
17 GGAGCAGCAGGAACAGG STRG.18.1 gene=STRG.18
17 GCTCCTCCAGCTCGAGT STRG.59.2 gene=STRG.59
17 GCGGCTCCCGCAGCAGC STRG.32.1 gene=STRG.32
17 GCAGCAGCAGCAGTAGT STRG.14.1 gene=STRG.14
17 GCAACAGCAACAACAGA STRG.20.2 gene=STRG.20
17 GCAAAGGCAACAACAAA STRG.26.2 gene=STRG.26
17 GAGGTGGTCCAGGTGGT STRG.58.1 gene=STRG.58
17 CGCAGCAGCAGCAGCAG STRG.57.2 gene=STRG.57
17 CCTCAGCAGCAGCAGCA STRG.56.3 gene=STRG.56
17 CCGCAGCAGCAGCAGCT STRG.57.2 gene=STRG.57
17 CCGCAGCAGCAGCAGCA STRG.18.1 gene=STRG.18
17 CCAGAAGGACGACGACT STRG.26.2 gene=STRG.26
17 CAGCAGCAGCAGCAGCT STRG.48.2 gene=STRG.48
17 CAGCAGCAGCAGCAGCG STRG.48.2 gene=STRG.48
17 CAGCAACAGCAGCAGCA STRG.48.2 gene=STRG.48
17 ATATATATATATATATG STRG.31.3 gene=STRG.31
17 ATATATATATATATATA STRG.31.3 gene=STRG.31
17 ATATATATATATATACG STRG.31.3 gene=STRG.31
17 AGCAGCAGCAGCTCCAG STRG.20.2 gene=STRG.20
17 AGCAGCAGCAGCAGCAG STRG.48.2 gene=STRG.48
17 AGCAACAGCAGCAGCAG STRG.48.2 gene=STRG.48
17 AATGGAGCGACAGGGAG STRG.20.2 gene=STRG.20
17 AACAAACAAACAAACAG STRG.42.2 gene=STRG.42
16 TTTTGTTTTGCTTACT STRG.8.1 gene=STRG.8
16 TTTGGGTTTCAATTTC STRG.25.1 gene=STRG.25
16 TTGTTAGGTACAAATT STRG.12.1 gene=STRG.12
16 TTCGGAGGAACGGAGG STRG.27.1 gene=STRG.27
16 TGGCTCCTCCTCCAGG STRG.60.1 gene=STRG.60
16 TGCGCAGCCATGGCAG STRG.48.2 gene=STRG.48
16 TGCAGCAGCAACAGTG STRG.20.2 gene=STRG.20
16 TATATATATATATATG STRG.31.3 gene=STRG.31
16 TATATATATATATATA STRG.31.3 gene=STRG.31
16 TATATATATATATACG STRG.31.3 gene=STRG.31
16 TAATGAATAAGTTTAT STRG.25.1 gene=STRG.25
16 GTCCTCGGCATTGCCC STRG.3.3 gene=STRG.3
16 GTCAGCCAGCTAATGA STRG.52.1 gene=STRG.52
16 GCATGATTACTTTTTA STRG.31.3 gene=STRG.31
16 GCAGTTGCAGCAGCAA STRG.48.2 gene=STRG.48
16 GCAGCAGCAGCTGCAG STRG.48.2 gene=STRG.48
16 GCAGCAGCAGCTCCAG STRG.20.2 gene=STRG.20
16 GCAGCAGCAGCAGCAG STRG.48.2 gene=STRG.48
16 GCAACAGCAGCAGCAG STRG.48.2 gene=STRG.48
16 GCAAATGCAACAGCAA STRG.20.2 gene=STRG.20
16 GATACAGATACAGATA STRG.48.1 gene=STRG.48
16 GAGGAGGAGCTGCAGC STRG.18.1 gene=STRG.18
16 GAGCTGGAGATGGAGA STRG.31.2 gene=STRG.31
16 GAGCAGCAGGAACAGG STRG.18.1 gene=STRG.18
16 GAAGCAGCCATGTGTG STRG.5.1 gene=STRG.5
16 CTTTTGGACAATAATT STRG.59.2 gene=STRG.59
16 CTTTAAAAACACATTT STRG.4.1 gene=STRG.4
16 CTCCTCCAGCTCGAGT STRG.59.2 gene=STRG.59
16 CTCAGCAGCAGCAGCA STRG.56.3 gene=STRG.56
16 CGGCTCCCGCAGCAGC STRG.32.1 gene=STRG.32
16 CGGAATTTCAATATAT STRG.5.1 gene=STRG.5
16 CGCAGCAGCAGCAGCT STRG.57.2 gene=STRG.57
16 CGCAGCAGCAGCAGCA STRG.18.1 gene=STRG.18
16 CCTGCTGGCCGCCATG STRG.38.1 gene=STRG.38
16 CCCAAGGACGAGGAGC STRG.37.1 gene=STRG.37
16 CAGCAGCAGCAGTAGT STRG.14.1 gene=STRG.14
16 CAGCAGCAGCAGCTCC STRG.56.3 gene=STRG.56
16 CAGCAGCAGCAGCAGT STRG.48.2 gene=STRG.48
16 CAGCAGCAGCAGCAGC STRG.20.2 gene=STRG.20
16 CAGAAGGACGACGACT STRG.26.2 gene=STRG.26
16 CACATTTGCCAAAAGT STRG.18.1 gene=STRG.18
16 CACACACACACACTCG STRG.57.2 gene=STRG.57
16 CACAAGTCTCAGCCTG STRG.20.2 gene=STRG.20
16 CAACAGCAGCAGCAGG STRG.20.2 gene=STRG.20
16 CAACAGCAACAACAGA STRG.20.2 gene=STRG.20
16 CAAAGGCAACAACAAA STRG.26.2 gene=STRG.26
16 ATGGAGCGACAGGGAG STRG.20.2 gene=STRG.20
16 ATGCAAGTCCTGGCGT STRG.20.2 gene=STRG.20
16 ATATATATATATATAT STRG.31.3 gene=STRG.31
16 ATATATATATATATAC STRG.31.3 gene=STRG.31
16 AGTTCCAGTAGCAGCA STRG.20.2 gene=STRG.20
16 AGGTGGTCCAGGTGGT STRG.58.1 gene=STRG.58
16 AGGTGGTCCAGGTGGG STRG.58.1 gene=STRG.58
16 AGCTGCCGCAGCAGCA STRG.20.2 gene=STRG.20
16 AGCAGCAGCAGCAGCT STRG.48.2 gene=STRG.48
16 AGCAGCAGCAGCAGCG STRG.48.2 gene=STRG.48
16 AGCAGCAGCAGCAGCA STRG.36.1 gene=STRG.36
16 AGCAACAGCAGCAGCA STRG.48.2 gene=STRG.48
16 ACATAGCAAGCTGAAA STRG.14.1 gene=STRG.14
16 ACAAACAAACAAACAG STRG.42.2 gene=STRG.42
16 AAGAAAAACAATTGCC STRG.20.2 gene=STRG.20
16 AACACTTAAATTGCAT STRG.12.1 gene=STRG.12
16 AACACATATACACTCG STRG.31.3 gene=STRG.31
16 AAATTTCTTTTATTTC STRG.1.1 gene=STRG.1
16 AAATAATGATGCTGAG STRG.2.2 gene=STRG.2
15 TTTTTAATTGCTTCA STRG.55.1 gene=STRG.55
15 TTTTGGACAATAATT STRG.59.2 gene=STRG.59
15 TTTGTTTTGCTTACT STRG.8.1 gene=STRG.8
15 TTTCTTTTATTTTCT STRG.1.1 gene=STRG.1
15 TTTAAGTACTGCATT STRG.26.2 gene=STRG.26
15 TTTAAAAACACATTT STRG.4.1 gene=STRG.4
15 TTGTGTGTTTACTTA STRG.11.1 gene=STRG.11
15 TTGGGTTTCAATTTC STRG.25.1 gene=STRG.25
15 TTGAGGCCAAGTGGC STRG.49.1 gene=STRG.49
15 TTCATTTTTTATTTT STRG.1.1 gene=STRG.1
15 TTATATTTCCATGCT STRG.32.2 gene=STRG.32
15 TTAGATATTTATTTC STRG.6.1 gene=STRG.6
15 TGTTAGGTACAAATT STRG.12.1 gene=STRG.12
15 TGTGCGAAATTTGCA STRG.12.1 gene=STRG.12
15 TGGTCAACAGAACCT STRG.17.1 gene=STRG.17
15 TGGCAGCAACAACAA STRG.49.1 gene=STRG.49
15 TGGAGCGACAGGGAG STRG.20.2 gene=STRG.20
15 TGCAAGTCCTGGCGT STRG.20.2 gene=STRG.20
15 TCTGCGTGATTTGGG STRG.55.1 gene=STRG.55
15 TCGGAGGAACGGAGG STRG.27.1 gene=STRG.27
15 TCGATGGGCGCATTT STRG.20.2 gene=STRG.20
15 TCCTGTTTATTTGAC STRG.14.1 gene=STRG.14
15 TCCTCGGCATTGCCC STRG.3.3 gene=STRG.3
15 TCCTCCAGCTCGAGT STRG.59.2 gene=STRG.59
15 TCATTTTTTATTTTT STRG.34.1 gene=STRG.34
15 TCAGCCAGCTAATGA STRG.52.1 gene=STRG.52
15 TCAGCAGCAGCAGCA STRG.56.3 gene=STRG.56
15 TCACACACACACACA STRG.57.2 gene=STRG.57
15 TATATATTGTATATG STRG.23.2 gene=STRG.23
15 TATATATATTTATTA STRG.41.3 gene=STRG.41
15 TATATATATATATAT STRG.31.3 gene=STRG.31
15 TATATATATATATAC STRG.31.3 gene=STRG.31
15 TACAGATACAGATAC STRG.48.1 gene=STRG.48
15 TAAAAAATAAATAAC STRG.25.1 gene=STRG.25
15 GTTTTCCAAACCAAC STRG.8.1 gene=STRG.8
15 GTTGGCCATTAATTA STRG.41.1 gene=STRG.41
15 GTTCCGCCTCGTCCC STRG.18.1 gene=STRG.18
15 GTTCCAGTAGCAGCA STRG.20.2 gene=STRG.20
15 GGTGGTCCAGGTGGT STRG.58.1 gene=STRG.58
15 GGTGGTCCAGGTGGG STRG.58.1 gene=STRG.58
15 GGGCAACATGGAAAA STRG.38.1 gene=STRG.38
15 GGCTCCTCCTCCAGG STRG.60.1 gene=STRG.60
15 GGCTCCCGCAGCAGC STRG.32.1 gene=STRG.32
15 GGCCATCAGCACAAA STRG.10.2 gene=STRG.10
15 GGCAACAACAACAAA STRG.20.3 gene=STRG.20
15 GGACCAAGTTCAAAG STRG.20.2 gene=STRG.20
15 GGAATTTCAATATAT STRG.5.1 gene=STRG.5
15 GCTGCTCCTCCTCCT STRG.18.1 gene=STRG.18
15 GCTGCCGCAGCAGCA STRG.20.2 gene=STRG.20
15 GCTCGTCCGGCAGCT STRG.35.1 gene=STRG.35
15 GCGCAGCCATGGCAG STRG.48.2 gene=STRG.48
15 GCCCAGCTCAATGGA STRG.33.2 gene=STRG.33
15 GCCAGCGGCGCCATC STRG.48.1 gene=STRG.48
15 GCAGCAGCAGCTGCA STRG.20.2 gene=STRG.20
15 GCAGCAGCAGCAGCT STRG.48.2 gene=STRG.48
15 GCAGCAGCAGCAGCG STRG.48.2 gene=STRG.48
15 GCAGCAGCAGCAGCA STRG.36.1 gene=STRG.36
15 GCAGCAGCAACAGTG STRG.20.2 gene=STRG.20
15 GCAGCAACAACAAAG STRG.20.2 gene=STRG.20
15 GCAACAGCAGCAGCA STRG.48.2 gene=STRG.48
15 GACTCACACACACAT STRG.40.1 gene=STRG.40
15 GAAGTGGAGTGGAGT STRG.13.2 gene=STRG.13
15 GAAGCCAAGGACTCC STRG.28.1 gene=STRG.28
15 GAACCCCAATGCCAG STRG.36.1 gene=STRG.36
15 GAAAAGGAGCAGCGG STRG.18.1 gene=STRG.18
15 CTTTTATGTTTTTTT STRG.53.2 gene=STRG.53
15 CTGCTGGCCGCCATG STRG.38.1 gene=STRG.38
15 CTGAAACATGCAAAA STRG.18.1 gene=STRG.18
15 CGGCCACGCCCACTG STRG.52.1 gene=STRG.52
15 CGGAGCAGCAGGAAA STRG.18.1 gene=STRG.18
15 CGCAGCAGCAGCAGC STRG.20.2 gene=STRG.20
15 CGAAAAACAAGTAAC STRG.37.1 gene=STRG.37
15 CCTGCCACTCCTGCA STRG.36.1 gene=STRG.36
15 CCGTGTTTAACACGG STRG.23.2 gene=STRG.23
15 CCGCAGCAGCAGCAG STRG.20.2 gene=STRG.20
15 CCACACACACACATA STRG.43.3 gene=STRG.43
15 CCAAGGACGAGGAGC STRG.37.1 gene=STRG.37
15 CCAACAAAGCCAGTG STRG.1.1 gene=STRG.1
15 CCAAATCTGGCGGGT STRG.57.2 gene=STRG.57
15 CATGATTACTTTTTA STRG.31.3 gene=STRG.31
15 CATAGCAAGCTGAAA STRG.14.1 gene=STRG.14
15 CAGTTGCAGCAGCAA STRG.48.2 gene=STRG.48
15 CAGTGGAAAGTGGAG STRG.57.2 gene=STRG.57
15 CAGCTTTCCCCACAT STRG.20.2 gene=STRG.20
15 CAGCAGCAGCTGCAG STRG.48.2 gene=STRG.48
15 CAGCAGCAGCTCCAG STRG.20.2 gene=STRG.20
15 CAGCAGCAGCAGCTG STRG.56.3 gene=STRG.56
15 CAGCAGCAGCAGCAG STRG.48.2 gene=STRG.48
15 CAGCAACAGCAGCAG STRG.20.2 gene=STRG.20
15 CAGCAACAACAAAGG STRG.18.1 gene=STRG.18
15 CAGAAGGTACATTAC STRG.4.1 gene=STRG.4
15 CACTTTAAACCCAAT STRG.1.1 gene=STRG.1
15 CACTGGAGACGCAAC STRG.43.2 gene=STRG.43
15 CACACACACACACTG STRG.57.2 gene=STRG.57
15 CAAGTGGAAAGGCAA STRG.5.1 gene=STRG.5
15 CAACATCGATATCGA STRG.49.1 gene=STRG.49
15 CAACAGCAGCAGCAG STRG.48.2 gene=STRG.48
15 CAAATGCAACAGCAA STRG.20.2 gene=STRG.20
15 CAAACACACACACAC STRG.31.3 gene=STRG.31
15 CAAACAAACAAACAG STRG.42.2 gene=STRG.42
15 CAAAAATTGAAAAAT STRG.23.2 gene=STRG.23
15 ATTTTATTTAAATTC STRG.34.1 gene=STRG.34
15 ATGCCGGAGGTGAAA STRG.13.2 gene=STRG.13
15 ATCGTTTTTGATGAG STRG.30.1 gene=STRG.30
15 ATATATATATATATG STRG.31.3 gene=STRG.31
15 ATATATATATATATA STRG.31.3 gene=STRG.31
15 ATATATATATATACG STRG.31.3 gene=STRG.31
15 ATACAGATACAGATA STRG.48.1 gene=STRG.48
15 AGTGGAGTGGAGCGC STRG.13.2 gene=STRG.13
15 AGGAGGAGCTGCAGC STRG.18.1 gene=STRG.18
15 AGCTGGAGATGGAGA STRG.31.2 gene=STRG.31
15 AGCAGCAGGAACAGG STRG.18.1 gene=STRG.18
15 AGCAGCAGCAGTAGT STRG.14.1 gene=STRG.14
15 AGCAGCAGCAGCTCC STRG.56.3 gene=STRG.56
15 AGCAGCAGCAGCAGT STRG.48.2 gene=STRG.48
15 AGCAGCAGCAGCAGC STRG.14.1 gene=STRG.14
15 AGCAACAAATGTGCA STRG.26.2 gene=STRG.26
15 AGAAGGACGACGACT STRG.26.2 gene=STRG.26
15 AGAAAAACAATTGCC STRG.20.2 gene=STRG.20
15 ACTGCCGCAGCAGCG STRG.44.2 gene=STRG.44
15 ACTGCAAAAGCAAAT STRG.14.1 gene=STRG.14
15 ACCACACCCACAGCC STRG.20.2 gene=STRG.20
15 ACATTTGCCAAAAGT STRG.18.1 gene=STRG.18
15 ACAGAAACAGAAACA STRG.9.3 gene=STRG.9
15 ACACTTAAATTGCAT STRG.12.1 gene=STRG.12
15 ACACATATACACTCG STRG.31.3 gene=STRG.31
15 ACACAGCAAACAAAT STRG.17.1 gene=STRG.17
15 ACACACACACACTCG STRG.57.2 gene=STRG.57
15 ACAAGTCTCAGCCTG STRG.20.2 gene=STRG.20
15 AATTTCTTTTATTTC STRG.1.1 gene=STRG.1
15 AATTGCAGGAGGAAT STRG.31.3 gene=STRG.31
15 AATTAAATAAAAACT STRG.4.1 gene=STRG.4
15 AATGGAAATGGAAAT STRG.6.1 gene=STRG.6
15 AATGAATAAGTTTAT STRG.25.1 gene=STRG.25
15 AATCTGTGCACACCG STRG.52.1 gene=STRG.52
15 AATAATGATGCTGAG STRG.2.2 gene=STRG.2
15 AAGTAGTTTAACTCA STRG.18.1 gene=STRG.18
15 AAGCAGCCATGTGTG STRG.5.1 gene=STRG.5
15 AAGAAATCGAAGAGA STRG.18.1 gene=STRG.18
15 AACTTATTTAACTTT STRG.31.3 gene=STRG.31
15 AACAGCAGCAGCAGG STRG.20.2 gene=STRG.20
15 AACAGCAACAACAGA STRG.20.2 gene=STRG.20
15 AAATTGATTTTCTGC STRG.60.1 gene=STRG.60
15 AAATGGTACTGCAGA STRG.5.1 gene=STRG.5
15 AAAGTGTGTTTATTA STRG.2.2 gene=STRG.2
15 AAAGGCAACAACAAA STRG.26.2 gene=STRG.26
15 AAAGGAGCTGCCGCA STRG.30.1 gene=STRG.30
15 AAAATTGCATTTAAT STRG.13.2 gene=STRG.13
15 AAAATCCTTTGAGCA STRG.3.3 gene=STRG.3
15 AAAATCAAATTAATT STRG.22.1 gene=STRG.22
15 AAAAGCATAAATCGC STRG.1.1 gene=STRG.1
15 AAAACTCAAATTAAA STRG.41.3 gene=STRG.41
15 AAAAATATATTAAAA STRG.7.6 gene=STRG.7
14 TTTTTTTGTTTTGC STRG.33.2 gene=STRG.33
14 TTTTTAATTAAATT STRG.20.2 gene=STRG.20
14 TTTTTAAGCTTTGG STRG.41.1 gene=STRG.41
14 TTTTGTTTTTAATT STRG.2.2 gene=STRG.2
14 TTTTCTATCTTTGT STRG.31.3 gene=STRG.31
14 TTTTCCAAACCAAC STRG.8.1 gene=STRG.8
14 TTTTATTTAAATTC STRG.34.1 gene=STRG.34
14 TTTTATGTTTTTTT STRG.53.2 gene=STRG.53
14 TTTTATAAAAAAAT STRG.50.1 gene=STRG.50
14 TTTTAATTGCTTCA STRG.55.1 gene=STRG.55
14 TTTTAATTATATTA STRG.32.2 gene=STRG.32
14 TTTGGAGAAAACGT STRG.20.2 gene=STRG.20
14 TTTGGACAATAATT STRG.59.2 gene=STRG.59
14 TTTGCAGCAAGCTC STRG.57.2 gene=STRG.57
14 TTTCTGCGCAGCTA STRG.1.1 gene=STRG.1
14 TTTATATAATTGAT STRG.57.2 gene=STRG.57
14 TTTAGCTGAAATGT STRG.20.2 gene=STRG.20
14 TTTAATAAATTGTC STRG.1.1 gene=STRG.1
14 TTGTTTTTTTTTTT STRG.27.1 gene=STRG.27
14 TTGTTTTGCTTACT STRG.8.1 gene=STRG.8
14 TTGTGTGAATTTTG STRG.26.2 gene=STRG.26
14 TTGGTTGGAAAATT STRG.5.1 gene=STRG.5
14 TTGGCCATTAATTA STRG.41.1 gene=STRG.41
14 TTGGCAGCTGCCAA STRG.5.1 gene=STRG.5
14 TTGCATACTTAATA STRG.20.2 gene=STRG.20
14 TTCTTTTATTTTCT STRG.1.1 gene=STRG.1
14 TTCTTGTGCTTGCT STRG.34.1 gene=STRG.34
14 TTCTTCTGCTTCGC STRG.20.2 gene=STRG.20
14 TTCGTGATGCATGC STRG.35.1 gene=STRG.35
14 TTCGTAACATGGAC STRG.2.2 gene=STRG.2
14 TTCCTTCAATTTTC STRG.31.3 gene=STRG.31
14 TTCCGCCTCGTCCC STRG.18.1 gene=STRG.18
14 TTCCCTAAAAGATT STRG.2.2 gene=STRG.2
14 TTCCAGTAGCAGCA STRG.20.2 gene=STRG.20
14 TTCAGTTGAGACAT STRG.12.1 gene=STRG.12
14 TTCAATTAAAAAAA STRG.25.1 gene=STRG.25
14 TTCAACCAAATCGA STRG.4.1 gene=STRG.4
14 TTCAAATGTTGTTC STRG.41.3 gene=STRG.41
14 TTATTGCCGTCATT STRG.4.1 gene=STRG.4
14 TTATATTTACATTT STRG.9.3 gene=STRG.9
14 TTATAAAAAAATTT STRG.1.1 gene=STRG.1
14 TTACATTTTATTTA STRG.45.1 gene=STRG.45
14 TTAATTCTGTCACG STRG.18.1 gene=STRG.18
14 TTAAGTACTGCATT STRG.26.2 gene=STRG.26
14 TTAACACCACTCCA STRG.48.1 gene=STRG.48
14 TTAAATTAAATTAT STRG.1.1 gene=STRG.1
14 TTAAAATTTAATTT STRG.57.2 gene=STRG.57
14 TTAAAAACACATTT STRG.4.1 gene=STRG.4
14 TGTTTGCCTGTCGG STRG.43.2 gene=STRG.43
14 TGTTTATTTTGTGC STRG.52.1 gene=STRG.52
14 TGTTGGGGGTGGTT STRG.20.2 gene=STRG.20
14 TGTGTGTTTACTTA STRG.11.1 gene=STRG.11
14 TGTGTGCGTGGCAT STRG.59.2 gene=STRG.59
14 TGGTTTTTATTTGT STRG.5.1 gene=STRG.5
14 TGGTGCGTGTGTGT STRG.31.2 gene=STRG.31
14 TGGGTTTCAATTTC STRG.25.1 gene=STRG.25
14 TGGAGTGGGAAAGC STRG.20.2 gene=STRG.20
14 TGCTGTGCCAAAAA STRG.3.3 gene=STRG.3
14 TGCTGGCCGCCATG STRG.38.1 gene=STRG.38
14 TGCTAATTTGGCCC STRG.21.1 gene=STRG.21
14 TGCCTCATTGCCGG STRG.51.1 gene=STRG.51
14 TGCCGGAGGTGAAA STRG.13.2 gene=STRG.13
14 TGCCATTGCCCGAT STRG.20.2 gene=STRG.20
14 TGCCAGCTGCTTCG STRG.31.2 gene=STRG.31
14 TGCAGCAGCAACAG STRG.18.1 gene=STRG.18
14 TGCAGCAACAGCAC STRG.18.1 gene=STRG.18
14 TGCAATAAATTTCT STRG.7.6 gene=STRG.7
14 TGCAACGGCAGCAG STRG.7.6 gene=STRG.7
14 TGAGGCCAAGTGGC STRG.49.1 gene=STRG.49
14 TGAGCGCGGAGTTG STRG.52.1 gene=STRG.52
14 TGAGCCAAAAATTT STRG.18.1 gene=STRG.18
14 TGAAACATGCAAAA STRG.18.1 gene=STRG.18
14 TCTGGCTCTGGAGA STRG.14.1 gene=STRG.14
14 TCGTTTTTGATGAG STRG.30.1 gene=STRG.30
14 TCCTGGCATCGAGT STRG.27.1 gene=STRG.27
14 TCCACCACCGATGG STRG.51.1 gene=STRG.51
14 TCATTTTTTATTTT STRG.1.1 gene=STRG.1
14 TATTTTTGTTTTCA STRG.27.1 gene=STRG.27
14 TATTTGCCCATCTC STRG.56.3 gene=STRG.56
14 TATTTATATAATTG STRG.20.2 gene=STRG.20
14 TATGTGAAGTGCTA STRG.13.2 gene=STRG.13
14 TATGTATATATATA STRG.41.3 gene=STRG.41
14 TATATTTCCATGCT STRG.32.2 gene=STRG.32
14 TATATATATATATG STRG.31.3 gene=STRG.31
14 TATATATATATATA STRG.31.3 gene=STRG.31
14 TATATATATATACG STRG.31.3 gene=STRG.31
14 TAGATATTTATTTC STRG.6.1 gene=STRG.6
14 TACTTCCCCACTCC STRG.3.3 gene=STRG.3
14 TACATACATACATT STRG.3.2 gene=STRG.3
14 TACAGATACAGATG STRG.48.1 gene=STRG.48
14 TACAGATACAGATA STRG.48.1 gene=STRG.48
14 TAATTTTTGCATTT STRG.1.1 gene=STRG.1
14 TAAGTGTGAGTGTG STRG.27.1 gene=STRG.27
14 TAAGGCAATATAAA STRG.10.4 gene=STRG.10
14 TAAATAAGAAAAGT STRG.5.1 gene=STRG.5
14 TAAATAAAAATAAA STRG.41.3 gene=STRG.41
14 TAAAAATTAAGTAA STRG.42.2 gene=STRG.42
14 TAAAAACAAAAGTG STRG.4.1 gene=STRG.4
14 TAAAAAAGAAAGAT STRG.23.3 gene=STRG.23
14 GTTTGTGTTTTGGG STRG.28.1 gene=STRG.28
14 GTTTACGGTTCATC STRG.57.2 gene=STRG.57
14 GTTCCAACTCCAGT STRG.18.1 gene=STRG.18
14 GTTAGGTACAAATT STRG.12.1 gene=STRG.12
14 GTGGTTTTTATTTA STRG.5.1 gene=STRG.5
14 GTGGTCCAGGTGGT STRG.58.1 gene=STRG.58
14 GTGGTCCAGGTGGG STRG.58.1 gene=STRG.58
14 GTGGAGTGGAGCGC STRG.13.2 gene=STRG.13
14 GTGGAGCAGGCGGG STRG.20.2 gene=STRG.20
14 GTGCGAAATTTGCA STRG.12.1 gene=STRG.12
14 GTCTGCGACAGTTG STRG.20.2 gene=STRG.20
14 GTATAAACACAAAA STRG.1.1 gene=STRG.1
14 GGTTAAAATATTGG STRG.1.1 gene=STRG.1
14 GGTGCAGCCCATCG STRG.48.2 gene=STRG.48
14 GGTCAACAGAACCT STRG.17.1 gene=STRG.17
14 GGCGGAGGCGGACG STRG.48.1 gene=STRG.48
14 GGCCACGCCCACTG STRG.52.1 gene=STRG.52
14 GGCCAACAAGTTAG STRG.13.1 gene=STRG.13
14 GGCAGCAACAACAA STRG.49.1 gene=STRG.49
14 GGCAACATGGAAAA STRG.38.1 gene=STRG.38
14 GGAGGCGGCAGAGT STRG.32.1 gene=STRG.32
14 GGAGGAGCTGCAGC STRG.18.1 gene=STRG.18
14 GGAGCGACAGGGAG STRG.20.2 gene=STRG.20
14 GGAGCAGCAGGAAA STRG.18.1 gene=STRG.18
14 GGACTCGAAAGGAA STRG.6.1 gene=STRG.6
14 GGAACTGGCGGCGG STRG.20.2 gene=STRG.20
14 GGAAATAGCAACAT STRG.18.1 gene=STRG.18
14 GGAAACTGAAGACT STRG.18.1 gene=STRG.18
14 GGAAACACTGCAGC STRG.1.1 gene=STRG.1
14 GCTTTTGCATTCTC STRG.4.1 gene=STRG.4
14 GCTTTAACTTTTGG STRG.57.2 gene=STRG.57
14 GCTGGCAGCAACAA STRG.42.2 gene=STRG.42
14 GCTGGAGATGGAGA STRG.31.2 gene=STRG.31
14 GCTGCTGCTGGAAG STRG.59.2 gene=STRG.59
14 GCTGCATTTCTATA STRG.46.1 gene=STRG.46
14 GCTCCTCCTCCAGG STRG.60.1 gene=STRG.60
14 GCTCCCGCAGCAGC STRG.32.1 gene=STRG.32
14 GCGGCAAACGATTA STRG.32.1 gene=STRG.32
14 GCGACTTTATGGCA STRG.59.2 gene=STRG.59
14 GCGAACTGCATTGA STRG.2.2 gene=STRG.2
14 GCCGCAGCCGCGGG STRG.20.2 gene=STRG.20
14 GCCATCAGCACAAA STRG.10.2 gene=STRG.10
14 GCCAGAGACAAATC STRG.49.1 gene=STRG.49
14 GCCACAGCAATTGA STRG.4.1 gene=STRG.4
14 GCCAAGGGTTAAGC STRG.57.2 gene=STRG.57
14 GCATGCAGTACTTA STRG.49.1 gene=STRG.49
14 GCATCATTGGCGAG STRG.23.2 gene=STRG.23
14 GCAGCTGCGAGAAG STRG.48.2 gene=STRG.48
14 GCAGCAGGAACAGG STRG.18.1 gene=STRG.18
14 GCAGCAGCCACAGT STRG.18.1 gene=STRG.18
14 GCAGCAGCAGTAGT STRG.14.1 gene=STRG.14
14 GCAGCAGCAGCTCC STRG.56.3 gene=STRG.56
14 GCAGCAGCAGCAGT STRG.48.2 gene=STRG.48
14 GCAGCAGCAGCAGC STRG.14.1 gene=STRG.14
14 GCAGCAGCAACAGT STRG.48.2 gene=STRG.48
14 GCAGCAACATGCCG STRG.18.1 gene=STRG.18
14 GCAGCAACAACAAA STRG.20.2 gene=STRG.20
14 GCACTGCAGCTGAA STRG.18.1 gene=STRG.18
14 GCAATTTTTAAATT STRG.42.2 gene=STRG.42
14 GCAATAAAAGTAAG STRG.8.1 gene=STRG.8
14 GCAAGTGCAACAGT STRG.20.2 gene=STRG.20
14 GCAAGTCCTGGCGT STRG.20.2 gene=STRG.20
14 GCAACCACAACGGG STRG.31.3 gene=STRG.31
14 GCAACAGCAGCAGC STRG.19.1 gene=STRG.19
14 GCAACAACAACAAA STRG.20.2 gene=STRG.20
14 GCAACAAATGTGCA STRG.26.2 gene=STRG.26
14 GATTAGTAATTTAT STRG.31.3 gene=STRG.31
14 GATGTGGCCGCCGT STRG.58.1 gene=STRG.58
14 GATGGCAGTGGCAT STRG.20.2 gene=STRG.20
14 GATGGAGACGGAGA STRG.14.1 gene=STRG.14
14 GATATTTTTATATA STRG.39.1 gene=STRG.39
14 GAGCTGGGCCACAG STRG.54.1 gene=STRG.54
14 GAGACAATAATAAT STRG.3.3 gene=STRG.3
14 GACTGCTGCCCATC STRG.41.1 gene=STRG.41
14 GACTGCCGCAGCAG STRG.20.2 gene=STRG.20
14 GACCAAGTTCAAAG STRG.20.2 gene=STRG.20
14 GACAGTTGACAGCT STRG.29.1 gene=STRG.29
14 GAATTTGATTTTAC STRG.4.1 gene=STRG.4
14 GAATTTCAATATAT STRG.5.1 gene=STRG.5
14 GAATGCCGCAGCAT STRG.1.1 gene=STRG.1
14 GAATCCTGCCATCA STRG.30.1 gene=STRG.30
14 GAAGTCCAAGCAGC STRG.2.2 gene=STRG.2
14 GAAGGACGACGACT STRG.26.2 gene=STRG.26
14 GAAGAGGAAAAAGG STRG.18.1 gene=STRG.18
14 GAAGAGCAGAAAAT STRG.12.1 gene=STRG.12
14 GAACCGCAGGCAGG STRG.53.2 gene=STRG.53
14 GAACAACAAACAAC STRG.20.2 gene=STRG.20
14 GAAATGCACAAACA STRG.27.1 gene=STRG.27
14 GAAATATTTTCAGT STRG.12.1 gene=STRG.12
14 GAAAGAAAATCCCT STRG.2.2 gene=STRG.2
14 GAAACAAAGTGCTT STRG.20.2 gene=STRG.20
14 GAAAATGCTAGCGT STRG.20.2 gene=STRG.20
14 GAAAAGTTGTTGCT STRG.18.1 gene=STRG.18
14 GAAAAGGAGAAGAA STRG.58.1 gene=STRG.58
14 GAAAAACAATTGCC STRG.20.2 gene=STRG.20
14 GAAAAACAAGTAAC STRG.37.1 gene=STRG.37
14 CTTTAACTAAAATG STRG.21.1 gene=STRG.21
14 CTTGCAGGCGGCAC STRG.52.1 gene=STRG.52
14 CTTCACCCGCTTTT STRG.59.2 gene=STRG.59
14 CTGGCCAATGCGGA STRG.48.2 gene=STRG.48
14 CTGCTTTCCTGCTC STRG.13.1 gene=STRG.13
14 CTGCTGGCCACCAG STRG.35.1 gene=STRG.35
14 CTGCTCCTCCTCCT STRG.18.1 gene=STRG.18
14 CTGCGTGATTTGGG STRG.55.1 gene=STRG.55
14 CTGCCTGCACCGCT STRG.18.1 gene=STRG.18
14 CTGCCGCAGCAGCG STRG.44.2 gene=STRG.44
14 CTGCCGCAGCAGCA STRG.44.2 gene=STRG.44
14 CTGCCACTCCTGCA STRG.36.1 gene=STRG.36
14 CTGCAAAAGCAAAT STRG.14.1 gene=STRG.14
14 CTCGTCCGGCAGCT STRG.35.1 gene=STRG.35
14 CTCCATTTCGCCCA STRG.31.3 gene=STRG.31
14 CTCAGCAGCAGCAG STRG.20.2 gene=STRG.20
14 CTAATTTTTTAATT STRG.43.2 gene=STRG.43
14 CGTGTTTAACACGG STRG.23.2 gene=STRG.23
14 CGTATCTATTAATG STRG.23.2 gene=STRG.23
14 CGGCATCACGCTGG STRG.41.1 gene=STRG.41
14 CGGCAGTGGCAGCT STRG.33.2 gene=STRG.33
14 CGGAGTTGAATTGG STRG.1.1 gene=STRG.1
14 CGGAGGAACGGAGG STRG.27.1 gene=STRG.27
14 CGGAGAAGCAATTT STRG.1.1 gene=STRG.1
14 CGCTGCAGCTGCAG STRG.38.1 gene=STRG.38
14 CGCTCAGTGCCGAA STRG.30.1 gene=STRG.30
14 CGCCCAGCCAGCCA STRG.60.1 gene=STRG.60
14 CGCAGCCATGGCAG STRG.48.2 gene=STRG.48
14 CGCAGCAGCAGCAG STRG.20.2 gene=STRG.20
14 CGCACACACACACA STRG.48.2 gene=STRG.48
14 CGCAACAGCAAACT STRG.20.2 gene=STRG.20
14 CGATTAAGTTTTTG STRG.18.1 gene=STRG.18
14 CGATGGGCGCATTT STRG.20.2 gene=STRG.20
14 CGAGCAAATAATCG STRG.50.1 gene=STRG.50
14 CGACCATTTAAATG STRG.1.1 gene=STRG.1
14 CGAATTCCAGCTGC STRG.21.1 gene=STRG.21
14 CCTTGGCCTGCTGC STRG.35.1 gene=STRG.35
14 CCTGTTTATTTGAC STRG.14.1 gene=STRG.14
14 CCTGGCCAAAACAC STRG.60.1 gene=STRG.60
14 CCTGCTCCTCCACT STRG.18.1 gene=STRG.18
14 CCTCGGCATTGCCC STRG.3.3 gene=STRG.3
14 CCTCCAGCTCGAGT STRG.59.2 gene=STRG.59
14 CCTCAGCAACCTGC STRG.18.1 gene=STRG.18
14 CCGCAGGACCACCG STRG.34.1 gene=STRG.34
14 CCGCAGCAGCAGCA STRG.20.2 gene=STRG.20
14 CCCGAAATCTGGGG STRG.59.3 gene=STRG.59
14 CCCCAAACCGATGA STRG.9.3 gene=STRG.9
14 CCCAGCTCAATGGA STRG.33.2 gene=STRG.33
14 CCCACCACCACCCC STRG.48.2 gene=STRG.48
14 CCAGCGGCGCCATC STRG.48.1 gene=STRG.48
14 CCACACCCACAGCC STRG.20.2 gene=STRG.20
14 CCACACACACACAC STRG.43.3 gene=STRG.43
14 CCAATGCCGGAGAT STRG.38.1 gene=STRG.38
14 CCAAGGACTCGCAA STRG.28.1 gene=STRG.28
14 CCAACGGATGCGCG STRG.22.1 gene=STRG.22
14 CCAAACCCCCAATC STRG.5.1 gene=STRG.5
14 CCAAAAAAGAAAAA STRG.2.2 gene=STRG.2
14 CATTTTTTATTTTT STRG.34.1 gene=STRG.34
14 CATTTGCCAAAAGT STRG.18.1 gene=STRG.18
14 CATTTACCATGTTA STRG.5.1 gene=STRG.5
14 CATGGTTGTTGTTT STRG.13.2 gene=STRG.13
14 CATGGAAATATAAG STRG.29.1 gene=STRG.29
14 CATCCTCATCCTCA STRG.59.2 gene=STRG.59
14 CATCCGCAGCGCCC STRG.31.2 gene=STRG.31
14 CATAAATGCCAGCA STRG.20.2 gene=STRG.20
14 CAGTACCACCCACC STRG.42.2 gene=STRG.42
14 CAGGTGGACAAGGT STRG.36.1 gene=STRG.36
14 CAGCTTTAAAATCC STRG.15.1 gene=STRG.15
14 CAGCTGTACTGCAG STRG.45.1 gene=STRG.45
14 CAGCCTTCAAACGC STRG.50.1 gene=STRG.50
14 CAGCCAGCTAATGA STRG.52.1 gene=STRG.52
14 CAGCAGCAGCTGCA STRG.20.2 gene=STRG.20
14 CAGCAGCAGCTCCA STRG.48.2 gene=STRG.48
14 CAGCAGCAGCAGGA STRG.20.2 gene=STRG.20
14 CAGCAGCAGCAGCT STRG.48.2 gene=STRG.48
14 CAGCAGCAGCAGCG STRG.48.2 gene=STRG.48
14 CAGCAGCAGCAGCA STRG.56.3 gene=STRG.56
14 CAGCAGCAACAGTG STRG.20.2 gene=STRG.20
14 CAGCACAAAAGTGA STRG.57.2 gene=STRG.57
14 CAGCAACAACAGAA STRG.20.2 gene=STRG.20
14 CAGCAACAACAAAG STRG.20.2 gene=STRG.20
14 CAGAATCAGAACCA STRG.57.2 gene=STRG.57
14 CAGAAGGTGGCCAG STRG.48.2 gene=STRG.48
14 CAGAAACAGAAACA STRG.9.3 gene=STRG.9
14 CACTTAAATTGCAT STRG.12.1 gene=STRG.12
14 CACATTGCACTGGG STRG.4.1 gene=STRG.4
14 CACATGGAGGCGGG STRG.14.1 gene=STRG.14
14 CACATATACACTCG STRG.31.3 gene=STRG.31
14 CACAGCAAACAAAT STRG.17.1 gene=STRG.17
14 CACACACACACTCG STRG.57.2 gene=STRG.57
14 CACACACACACATC STRG.43.3 gene=STRG.43
14 CACACACACACATA STRG.43.3 gene=STRG.43
14 CACACACACACACA STRG.57.2 gene=STRG.57
14 CACACACACAAACG STRG.40.1 gene=STRG.40
14 CAATATATAAATCA STRG.44.2 gene=STRG.44
14 CAATAAAAACAAAA STRG.48.1 gene=STRG.48
14 CAAGTCTCAGCCTG STRG.20.2 gene=STRG.20
14 CAAGGACGAGGAGC STRG.37.1 gene=STRG.37
14 CAAGCTGATGGCCT STRG.60.1 gene=STRG.60
14 CAACGGCAGCGCCA STRG.46.1 gene=STRG.46
14 CAACCTGGCCAAGC STRG.44.2 gene=STRG.44
14 CAACAGCAGCAGCA STRG.48.2 gene=STRG.48
14 CAACAAATCCTGGC STRG.22.1 gene=STRG.22
14 CAACAAAGCCAGTG STRG.1.1 gene=STRG.1
14 CAAATTGCGAGAAA STRG.20.2 gene=STRG.20
14 CAAATGTGCGCCAA STRG.53.2 gene=STRG.53
14 CAAATCTGGCGGGT STRG.57.2 gene=STRG.57
14 CAAATCCCAGACGT STRG.52.1 gene=STRG.52
14 CAAATACACACATA STRG.43.2 gene=STRG.43
14 CAAACCATTTTGTA STRG.3.3 gene=STRG.3
14 CAAAAGTCCTTTAT STRG.13.2 gene=STRG.13
14 CAAAAAAAAACATA STRG.5.1 gene=STRG.5
14 CAAAAAAAAAAAAG STRG.31.3 gene=STRG.31
14 ATTTTGTTATTGTT STRG.13.2 gene=STRG.13
14 ATTTTGCTTGTACT STRG.59.2 gene=STRG.59
14 ATTTTGAAAAGATT STRG.41.3 gene=STRG.41
14 ATTTGCTTTTATTT STRG.55.1 gene=STRG.55
14 ATTTGCCAGCTGCC STRG.12.1 gene=STRG.12
14 ATTTCTTTTATTTC STRG.1.1 gene=STRG.1
14 ATTTATTTCTCGTC STRG.5.1 gene=STRG.5
14 ATTTAAAAAGAAAA STRG.18.1 gene=STRG.18
14 ATTGCAGGAGGAAT STRG.31.3 gene=STRG.31
14 ATTGATTTTGCAGT STRG.3.1 gene=STRG.3
14 ATTCCACTGCCTTA STRG.16.2 gene=STRG.16
14 ATTATCGAGACTCT STRG.16.2 gene=STRG.16
14 ATTAAATAAAAACT STRG.4.1 gene=STRG.4
14 ATGTCCTTCACTCC STRG.5.1 gene=STRG.5
14 ATGGAAATGGAAAT STRG.6.1 gene=STRG.6
14 ATGCTAATAATTAG STRG.4.1 gene=STRG.4
14 ATGCGATAATTCAA STRG.28.1 gene=STRG.28
14 ATGCAACAAATGAT STRG.13.1 gene=STRG.13
14 ATGATTACTTTTTA STRG.31.3 gene=STRG.31
14 ATGAGCAGCAATGA STRG.20.2 gene=STRG.20
14 ATGAATAAGTTTAT STRG.25.1 gene=STRG.25
14 ATCTGTGCACACCG STRG.52.1 gene=STRG.52
14 ATCCTGGTCCCCAA STRG.5.1 gene=STRG.5
14 ATCATTAAAATTTG STRG.57.2 gene=STRG.57
14 ATCATCCTCATCCC STRG.59.2 gene=STRG.59
14 ATATGTTGTATACA STRG.20.2 gene=STRG.20
14 ATATGGAAACCCGA STRG.28.1 gene=STRG.28
14 ATATATTGTATATG STRG.23.2 gene=STRG.23
14 ATATATATTTATTA STRG.41.3 gene=STRG.41
14 ATATATATATATAT STRG.31.3 gene=STRG.31
14 ATATATATATATAC STRG.31.3 gene=STRG.31
14 ATATAATTGAATTT STRG.57.2 gene=STRG.57
14 ATAGCAAGCTGAAA STRG.14.1 gene=STRG.14
14 ATACAAATATATTT STRG.35.1 gene=STRG.35
14 ATAATGATGCTGAG STRG.2.2 gene=STRG.2
14 ATAAATATATAAAT STRG.20.2 gene=STRG.20
14 ATAAAATAAATAAA STRG.5.1 gene=STRG.5
14 AGTTTTTGTTCAAT STRG.14.1 gene=STRG.14
14 AGTTTGCAGTTTAG STRG.41.3 gene=STRG.41
14 AGTTGCAGCAGCAA STRG.48.2 gene=STRG.48
14 AGTGGAAAGTGGAG STRG.57.2 gene=STRG.57
14 AGTAGTTTAACTCA STRG.18.1 gene=STRG.18
14 AGGTCCAGGAGGAT STRG.52.1 gene=STRG.52
14 AGGATTTGGATTTG STRG.24.1 gene=STRG.24
14 AGGAGCAGAAGAAA STRG.30.1 gene=STRG.30
14 AGCTTTCCCCACAT STRG.20.2 gene=STRG.20
14 AGCTGCCGCAGCAG STRG.57.2 gene=STRG.57
14 AGCAGGTGGAAACC STRG.13.2 gene=STRG.13
14 AGCAGCTGCAGCAA STRG.28.1 gene=STRG.28
14 AGCAGCCATGTGTG STRG.5.1 gene=STRG.5
14 AGCAGCAGCTGCAG STRG.48.2 gene=STRG.48
14 AGCAGCAGCTCCAG STRG.20.2 gene=STRG.20
14 AGCAGCAGCAGCTG STRG.56.3 gene=STRG.56
14 AGCAGCAGCAGCAG STRG.48.2 gene=STRG.48
14 AGCAACAGCAGCAG STRG.20.2 gene=STRG.20
14 AGCAACAACAAAGG STRG.18.1 gene=STRG.18
14 AGAGCATTCTGCAT STRG.9.3 gene=STRG.9
14 AGAAGGTACATTAC STRG.4.1 gene=STRG.4
14 AGAAGGCAGAGAAG STRG.44.2 gene=STRG.44
14 AGAAATCGAAGAGA STRG.18.1 gene=STRG.18
14 AGAAACCGCCGAGT STRG.2.2 gene=STRG.2
14 AGAAAATGTTCCCA STRG.35.1 gene=STRG.35
14 ACTTTGTTAAACAG STRG.1.1 gene=STRG.1
14 ACTTTAAACCCAAT STRG.1.1 gene=STRG.1
14 ACTTATTTAACTTT STRG.31.3 gene=STRG.31
14 ACTGGAGACGCAAC STRG.43.2 gene=STRG.43
14 ACTGAAATTATAGT STRG.28.1 gene=STRG.28
14 ACTCGCAGGACTGA STRG.28.1 gene=STRG.28
14 ACTCACACACACAT STRG.57.2 gene=STRG.57
14 ACGCCTCATTTGCC STRG.52.1 gene=STRG.52
14 ACGCCCACGCCCAA STRG.48.2 gene=STRG.48
14 ACGAAAACGAAATT STRG.59.3 gene=STRG.59
14 ACCACCGCCCCCCT STRG.20.2 gene=STRG.20
14 ACATGCGTGGCAAC STRG.32.1 gene=STRG.32
14 ACAGTCTGCACCCC STRG.4.1 gene=STRG.4
14 ACAGCAGCAGCAGG STRG.20.2 gene=STRG.20
14 ACAGCAACAACAGA STRG.20.2 gene=STRG.20
14 ACAGATACAGATAC STRG.48.1 gene=STRG.48
14 ACACATGCAGCAGA STRG.18.1 gene=STRG.18
14 ACACACGCGCACAA STRG.59.2 gene=STRG.59
14 ACACACACATACAC STRG.18.1 gene=STRG.18
14 ACACACACACACTG STRG.57.2 gene=STRG.57
14 ACACACAAACGAGA STRG.13.2 gene=STRG.13
14 ACACAACTCATTTT STRG.4.1 gene=STRG.4
14 ACAAATTAACATCG STRG.42.2 gene=STRG.42
14 ACAAATGCCGCATT STRG.40.1 gene=STRG.40
14 ACAAACAAACAGAC STRG.6.1 gene=STRG.6
14 AATTGATTTTCTGC STRG.60.1 gene=STRG.60
14 AATGGTACTGCAGA STRG.5.1 gene=STRG.5
14 AATGGAAATGGAAA STRG.50.1 gene=STRG.50
14 AATGGAAAATATTT STRG.44.2 gene=STRG.44
14 AATGAAATCGAAAA STRG.4.1 gene=STRG.4
14 AATAAAAAAGTGAA STRG.3.3 gene=STRG.3
14 AAGTGTGTTTATTA STRG.2.2 gene=STRG.2
14 AAGTGGAGTGGAGT STRG.13.2 gene=STRG.13
14 AAGTGGAAAGGCAA STRG.5.1 gene=STRG.5
14 AAGTGAAATAAAAA STRG.48.2 gene=STRG.48
14 AAGGCAACAACAAA STRG.26.2 gene=STRG.26
14 AAGGAGCTGCCGCA STRG.30.1 gene=STRG.30
14 AAGGAATTGGGAAT STRG.53.2 gene=STRG.53
14 AAGGAAGAGGGAGC STRG.20.3 gene=STRG.20
14 AAGCCAAGGACTCC STRG.28.1 gene=STRG.28
14 AAGAGCTGGAGGAA STRG.18.1 gene=STRG.18
14 AACCCCAATGCCAG STRG.36.1 gene=STRG.36
14 AACATCGATATCGA STRG.49.1 gene=STRG.49
14 AACAGCAGCAGCAG STRG.48.2 gene=STRG.48
14 AACAGCAACAACAG STRG.18.1 gene=STRG.18
14 AACAACAATGCAAG STRG.20.3 gene=STRG.20
14 AACAAAAAACAAAT STRG.59.2 gene=STRG.59
14 AAATTTTACATTTG STRG.41.3 gene=STRG.41
14 AAATTGCATTTAAT STRG.13.2 gene=STRG.13
14 AAATTGCAGGAGGA STRG.5.1 gene=STRG.5
14 AAATGCCAGCGCAA STRG.20.2 gene=STRG.20
14 AAATGCAACAGCAA STRG.20.2 gene=STRG.20
14 AAATCCTTTGAGCA STRG.3.3 gene=STRG.3
14 AAATCAAATTAATT STRG.22.1 gene=STRG.22
14 AAATATGAAAAGTT STRG.7.6 gene=STRG.7
14 AAATAGCATTCTGT STRG.1.1 gene=STRG.1
14 AAAGCATAAATCGC STRG.1.1 gene=STRG.1
14 AAACTCAAATTAAA STRG.41.3 gene=STRG.41
14 AAACCACACCCACT STRG.20.2 gene=STRG.20
14 AAACACACACACAT STRG.31.3 gene=STRG.31
14 AAACACACACACAC STRG.31.3 gene=STRG.31
14 AAACAATAACAGAT STRG.41.1 gene=STRG.41
14 AAACAAATACGAAT STRG.27.1 gene=STRG.27
14 AAACAAACAAACAG STRG.42.2 gene=STRG.42
14 AAAATCGCTGGCTG STRG.26.2 gene=STRG.26
14 AAAATCAAATTCAA STRG.18.1 gene=STRG.18
14 AAAATATATTAAAA STRG.7.6 gene=STRG.7
14 AAAATAAATAAAAC STRG.25.1 gene=STRG.25
14 AAAAGGAGCAGCGG STRG.18.1 gene=STRG.18
14 AAAAGAAAAACAAT STRG.31.3 gene=STRG.31
14 AAAACGTTTTCGGC STRG.31.3 gene=STRG.31
14 AAAACAATCAGCAT STRG.18.1 gene=STRG.18
14 AAAAATTGAAAAAT STRG.23.2 gene=STRG.23
14 AAAAATGGAAAATT STRG.44.2 gene=STRG.44
14 AAAAAATAAATAAC STRG.25.1 gene=STRG.25
14 AAAAAACAAAATAG STRG.31.3 gene=STRG.31
14 AAAAAAACATTGGG STRG.5.1 gene=STRG.5
13 TTTTTTGTTTTGC STRG.33.2 gene=STRG.33
13 TTTTTTACGTTTT STRG.45.1 gene=STRG.45
13 TTTTTTACAATTC STRG.41.3 gene=STRG.41
13 TTTTTGTTTTTTT STRG.18.1 gene=STRG.18
13 TTTTTCTCCCCGT STRG.33.2 gene=STRG.33
13 TTTTTCGGTTTCT STRG.32.1 gene=STRG.32
13 TTTTTATTTTTTG STRG.3.3 gene=STRG.3
13 TTTTTATAAAAAA STRG.44.2 gene=STRG.44
13 TTTTTAGCCTAAA STRG.59.2 gene=STRG.59
13 TTTTTAATTGCTG STRG.55.1 gene=STRG.55
13 TTTTTAAAAACAT STRG.27.1 gene=STRG.27
13 TTTTGTTATTGTT STRG.13.2 gene=STRG.13
13 TTTTGGCCAACGG STRG.54.1 gene=STRG.54
13 TTTTGCTTGTACT STRG.59.2 gene=STRG.59
13 TTTTGCATTCTCG STRG.1.1 gene=STRG.1
13 TTTTGAAGGAAGA STRG.46.1 gene=STRG.46
13 TTTTGAAAAGATT STRG.41.3 gene=STRG.41
13 TTTTCGCATTTTT STRG.30.1 gene=STRG.30
13 TTTTCACAAAAAG STRG.7.6 gene=STRG.7
13 TTTTATCAGTACA STRG.1.1 gene=STRG.1
13 TTTTATATGCTGC STRG.23.2 gene=STRG.23
13 TTTTAATTATATC STRG.32.2 gene=STRG.32
13 TTTTAATTAAATT STRG.20.2 gene=STRG.20
13 TTTTAAGCTTTGG STRG.41.1 gene=STRG.41
13 TTTTAAATATAAT STRG.3.3 gene=STRG.3
13 TTTGTTTTTAATT STRG.2.2 gene=STRG.2
13 TTTGTTTTGGTGT STRG.10.2 gene=STRG.10
13 TTTGTTTATTTTC STRG.52.1 gene=STRG.52
13 TTTGTGTTTTGGG STRG.28.1 gene=STRG.28
13 TTTGTAATTGCTG STRG.13.2 gene=STRG.13
13 TTTGGCGCCCAAC STRG.20.2 gene=STRG.20
13 TTTGCTTTTATTT STRG.55.1 gene=STRG.55
13 TTTGCGACTTTAT STRG.49.2 gene=STRG.49
13 TTTGCCAGCTGCC STRG.12.1 gene=STRG.12
13 TTTGCAGTGGCGT STRG.8.1 gene=STRG.8
13 TTTGCAGCCAGCA STRG.48.1 gene=STRG.48
13 TTTGATGTGTGTA STRG.20.2 gene=STRG.20
13 TTTGAATTATTGA STRG.57.2 gene=STRG.57
13 TTTCTTTTATTTC STRG.1.1 gene=STRG.1
13 TTTCTGATTTGTA STRG.26.2 gene=STRG.26
13 TTTCTATCTTTGT STRG.31.3 gene=STRG.31
13 TTTCGTTTTGGGA STRG.13.2 gene=STRG.13
13 TTTCCCCACAAAC STRG.20.2 gene=STRG.20
13 TTTCCCAGCCAAC STRG.31.3 gene=STRG.31
13 TTTCCCAAAATGG STRG.5.1 gene=STRG.5
13 TTTCCAAACCAAC STRG.8.1 gene=STRG.8
13 TTTCAATTTCATA STRG.14.1 gene=STRG.14
13 TTTCAAATATTTG STRG.35.1 gene=STRG.35
13 TTTATTTCTCGTC STRG.5.1 gene=STRG.5
13 TTTATTTATTTTT STRG.26.2 gene=STRG.26
13 TTTATTTAAATTC STRG.34.1 gene=STRG.34
13 TTTATGTTTTTTT STRG.53.2 gene=STRG.53
13 TTTATCTGGCCAC STRG.42.2 gene=STRG.42
13 TTTATATTTGGCT STRG.18.1 gene=STRG.18
13 TTTATAAAAAAAT STRG.50.1 gene=STRG.50
13 TTTAGTTTATTTT STRG.26.2 gene=STRG.26
13 TTTACGGTTCATC STRG.57.2 gene=STRG.57
13 TTTAATTGCTTCA STRG.55.1 gene=STRG.55
13 TTTAATTATATTA STRG.32.2 gene=STRG.32
13 TTTAATCAACAAT STRG.18.1 gene=STRG.18
13 TTTAACTAAAATG STRG.21.1 gene=STRG.21
13 TTTAAATTATTTC STRG.18.1 gene=STRG.18
13 TTTAAAAAGAAAA STRG.18.1 gene=STRG.18
13 TTGTTTTTGTTTG STRG.53.2 gene=STRG.53
13 TTGTTTTTCATTC STRG.2.2 gene=STRG.2
13 TTGTTTTCATTTT STRG.47.1 gene=STRG.47
13 TTGTTTTCATTTC STRG.47.1 gene=STRG.47
13 TTGTTTGTTTGTT STRG.44.2 gene=STRG.44
13 TTGGTGATGACCA STRG.18.1 gene=STRG.18
13 TTGGGGAGCGGCT STRG.20.2 gene=STRG.20
13 TTGGGCTAAGTGA STRG.23.2 gene=STRG.23
13 TTGGGCAAGCGGA STRG.26.2 gene=STRG.26
13 TTGGAGAAAACGT STRG.20.2 gene=STRG.20
13 TTGGACAATAATT STRG.59.2 gene=STRG.59
13 TTGCTAACTGATT STRG.31.3 gene=STRG.31
13 TTGCCAGCATTTG STRG.40.1 gene=STRG.40
13 TTGCCACCGCCGC STRG.33.2 gene=STRG.33
13 TTGCAGTTTGTGG STRG.41.1 gene=STRG.41
13 TTGCAGGCGGCAC STRG.52.1 gene=STRG.52
13 TTGCAGGAGGAAT STRG.31.3 gene=STRG.31
13 TTGCAGCAAGCTC STRG.57.2 gene=STRG.57
13 TTGATTTTGCAGT STRG.3.1 gene=STRG.3
13 TTGATTGTGTTTT STRG.13.1 gene=STRG.13
13 TTGATTGATGTCC STRG.31.3 gene=STRG.31
13 TTGATATTGGTTT STRG.34.1 gene=STRG.34
13 TTGAATGTGGAGC STRG.46.1 gene=STRG.46
13 TTGAAAGGATACC STRG.56.3 gene=STRG.56
13 TTCTTTAAACTAG STRG.56.3 gene=STRG.56
13 TTCTTCTTCTGCT STRG.55.1 gene=STRG.55
13 TTCTTCTACGACG STRG.35.1 gene=STRG.35
13 TTCTGCTTTGGCG STRG.18.1 gene=STRG.18
13 TTCTGCGCAGCTA STRG.1.1 gene=STRG.1
13 TTCTGCAGCTGCG STRG.20.2 gene=STRG.20
13 TTCGGCGGCATTT STRG.30.1 gene=STRG.30
13 TTCGCTGCCAAGT STRG.26.2 gene=STRG.26
13 TTCCATTTCCCCA STRG.24.1 gene=STRG.24
13 TTCCACTGCCTTA STRG.16.2 gene=STRG.16
13 TTCCAACTCCAGT STRG.18.1 gene=STRG.18
13 TTCATTTGAATTA STRG.22.1 gene=STRG.22
13 TTCATTATTTTGA STRG.55.1 gene=STRG.55
13 TTCACTTTCCTGC STRG.56.3 gene=STRG.56
13 TTCACCCGCTTTT STRG.59.2 gene=STRG.59
13 TTCAATTTCATGG STRG.14.1 gene=STRG.14
13 TTCAATCTCATCC STRG.21.1 gene=STRG.21
13 TTCAAACAAAACT STRG.31.3 gene=STRG.31
13 TTCAAAAAAGTTA STRG.40.2 gene=STRG.40
13 TTATTTTCATTAA STRG.27.1 gene=STRG.27
13 TTATTTGGCCAAA STRG.18.1 gene=STRG.18
13 TTATTTATGCCAA STRG.26.2 gene=STRG.26
13 TTATCGAGACTCT STRG.16.2 gene=STRG.16
13 TTATCATATTTTC STRG.59.2 gene=STRG.59
13 TTATATATATTTT STRG.31.3 gene=STRG.31
13 TTATATAATTGAT STRG.57.2 gene=STRG.57
13 TTATAATTCAGCA STRG.40.1 gene=STRG.40
13 TTAGGTTTTTAAA STRG.47.1 gene=STRG.47
13 TTAGGTACAAATT STRG.12.1 gene=STRG.12
13 TTAGCTGCAAAAA STRG.18.1 gene=STRG.18
13 TTAGCTGAAATGT STRG.20.2 gene=STRG.20
13 TTACGCAGATGAT STRG.39.1 gene=STRG.39
13 TTACGCACTTTAT STRG.4.1 gene=STRG.4
13 TTACCTACATGCT STRG.52.1 gene=STRG.52
13 TTAATTTTTGGCT STRG.16.2 gene=STRG.16
13 TTAATTTTTGCAT STRG.41.3 gene=STRG.41
13 TTAATAAATTGTC STRG.1.1 gene=STRG.1
13 TTAAGTTAAATGT STRG.13.1 gene=STRG.13
13 TTAAGCTACATAG STRG.45.1 gene=STRG.45
13 TTAAATTAAACTG STRG.13.2 gene=STRG.13
13 TTAAATCGACAAT STRG.48.2 gene=STRG.48
13 TTAAATAAAAACT STRG.4.1 gene=STRG.4
13 TTAAAGTTATTTT STRG.48.1 gene=STRG.48
13 TTAAACGCATGTG STRG.5.1 gene=STRG.5
13 TTAAAATTTAATT STRG.13.2 gene=STRG.13
13 TGTTTTTTTTTTT STRG.27.1 gene=STRG.27
13 TGTTTTTTGCGGG STRG.28.1 gene=STRG.28
13 TGTTTTTGTTTAT STRG.53.2 gene=STRG.53
13 TGTTTTGCTTACT STRG.8.1 gene=STRG.8
13 TGTTTTGCCAGCC STRG.22.1 gene=STRG.22
13 TGTTTTCGTATCC STRG.59.2 gene=STRG.59
13 TGTTTAATTTTTA STRG.9.3 gene=STRG.9
13 TGTTTAAATTAAA STRG.10.5 gene=STRG.10
13 TGTGTGAATTTTG STRG.26.2 gene=STRG.26
13 TGTGCTTGGCATG STRG.58.1 gene=STRG.58
13 TGTCTATATTTGC STRG.10.2 gene=STRG.10
13 TGTCGCAGCCGCG STRG.20.2 gene=STRG.20
13 TGTCCTTCACTCC STRG.5.1 gene=STRG.5
13 TGTCCCGCCCACT STRG.60.1 gene=STRG.60
13 TGTATTCGCAACT STRG.5.1 gene=STRG.5
13 TGTACATTTAATT STRG.59.2 gene=STRG.59
13 TGTACATACATAC STRG.57.2 gene=STRG.57
13 TGTAAATATTCTT STRG.31.3 gene=STRG.31
13 TGGTTTTTATTTA STRG.5.1 gene=STRG.5
13 TGGTTTGGTATAT STRG.23.2 gene=STRG.23
13 TGGTTGGAAAATT STRG.5.1 gene=STRG.5
13 TGGTCCAGGTGGT STRG.58.1 gene=STRG.58
13 TGGTCCAGGTGGG STRG.58.1 gene=STRG.58
13 TGGTAAAACACGG STRG.34.1 gene=STRG.34
13 TGGGGCCAGGACA STRG.59.2 gene=STRG.59
13 TGGGCTCCAGTTT STRG.26.2 gene=STRG.26
13 TGGGCCAAAAAGA STRG.20.2 gene=STRG.20
13 TGGCGGAAGGGGG STRG.33.2 gene=STRG.33
13 TGGCCATTAATTA STRG.41.1 gene=STRG.41
13 TGGCCAATGCGGA STRG.48.2 gene=STRG.48
13 TGGCCAACAACAC STRG.42.2 gene=STRG.42
13 TGGCAGCTGCCAA STRG.5.1 gene=STRG.5
13 TGGATCTGGATTC STRG.18.1 gene=STRG.18
13 TGGATATGCCAGA STRG.31.3 gene=STRG.31
13 TGGAGTGGAGCGC STRG.13.2 gene=STRG.13
13 TGGAGGGGAGCAG STRG.60.1 gene=STRG.60
13 TGGAGCAGGCGGG STRG.20.2 gene=STRG.20
13 TGGAGCAAACAAA STRG.21.1 gene=STRG.21
13 TGGAGAGCTCAGG STRG.18.1 gene=STRG.18
13 TGGAATTTCTTTC STRG.34.1 gene=STRG.34
13 TGGAAATGGAAAT STRG.6.1 gene=STRG.6
13 TGCTTTTCTTCCT STRG.18.1 gene=STRG.18
13 TGCTTTCCTGCTC STRG.13.1 gene=STRG.13
13 TGCTGTGGCAGCC STRG.20.2 gene=STRG.20
13 TGCTGGCCACCAG STRG.35.1 gene=STRG.35
13 TGCTGCTCCTGGC STRG.46.1 gene=STRG.46
13 TGCTGCGCCGCAT STRG.33.2 gene=STRG.33
13 TGCTGCGCCACAG STRG.59.2 gene=STRG.59
13 TGCTGCAAGGACT STRG.22.1 gene=STRG.22
13 TGCTCTACCAGCG STRG.18.1 gene=STRG.18
13 TGCTCCTCCTCCT STRG.18.1 gene=STRG.18
13 TGCTCCGGAGTCG STRG.48.2 gene=STRG.48
13 TGCTCCCTCCTCC STRG.24.1 gene=STRG.24
13 TGCTAATAATTAG STRG.4.1 gene=STRG.4
13 TGCGTTTGTGTTT STRG.31.2 gene=STRG.31
13 TGCGTGATTTGGG STRG.55.1 gene=STRG.55
13 TGCGGCCAGGACG STRG.58.1 gene=STRG.58
13 TGCGATGCCTCGG STRG.42.2 gene=STRG.42
13 TGCGATAATTCAA STRG.28.1 gene=STRG.28
13 TGCGAGTGGCGAT STRG.20.2 gene=STRG.20
13 TGCGAAATTTGCA STRG.12.1 gene=STRG.12
13 TGCCTTCTCGCTG STRG.42.2 gene=STRG.42
13 TGCCTGCACCGCT STRG.18.1 gene=STRG.18
13 TGCCTCCTCACGC STRG.18.1 gene=STRG.18
13 TGCCGCAGCAGCG STRG.44.2 gene=STRG.44
13 TGCCGCAGCAGCA STRG.44.2 gene=STRG.44
13 TGCCCTTCCTGCC STRG.9.3 gene=STRG.9
13 TGCCCACTGTGCG STRG.18.1 gene=STRG.18
13 TGCCAGCTCCCAC STRG.56.3 gene=STRG.56
13 TGCCACTCCTGCA STRG.36.1 gene=STRG.36
13 TGCCACAGCTAAT STRG.2.2 gene=STRG.2
13 TGCCAAAGCCATC STRG.44.2 gene=STRG.44
13 TGCATTAGCTGCC STRG.20.2 gene=STRG.20
13 TGCATACTTAATA STRG.20.2 gene=STRG.20
13 TGCAGTCGATCCT STRG.2.2 gene=STRG.2
13 TGCAGCTGGGCGC STRG.23.2 gene=STRG.23
13 TGCAGCTGCTGGC STRG.49.1 gene=STRG.49
13 TGCAGCAGCAACA STRG.18.1 gene=STRG.18
13 TGCAGAAACAGCA STRG.36.1 gene=STRG.36
13 TGCAAGTATGTGA STRG.59.2 gene=STRG.59
13 TGCAACTGAAATC STRG.42.2 gene=STRG.42
13 TGCAACTACAACT STRG.52.1 gene=STRG.52
13 TGCAACCCCTGCA STRG.56.3 gene=STRG.56
13 TGCAACAAATGAT STRG.13.1 gene=STRG.13
13 TGCAAAAGCAAAT STRG.14.1 gene=STRG.14
13 TGATTACTTTTTA STRG.31.3 gene=STRG.31
13 TGAGCAGCAATGA STRG.20.2 gene=STRG.20
13 TGACTGCACATCT STRG.18.1 gene=STRG.18
13 TGACAATTTGAAC STRG.41.2 gene=STRG.41
13 TGAATAAGTTTAT STRG.25.1 gene=STRG.25
13 TGAAAGACTGCGG STRG.18.1 gene=STRG.18
13 TGAAAGAAATGTA STRG.18.1 gene=STRG.18
13 TGAAAAGTATAAC STRG.7.6 gene=STRG.7
13 TGAAAAGCATAAA STRG.6.1 gene=STRG.6
13 TGAAAAAAAGAAG STRG.42.2 gene=STRG.42
13 TCTTTTATTTTCT STRG.1.1 gene=STRG.1
13 TCTTGTGCTTGCT STRG.34.1 gene=STRG.34
13 TCTTGTCCCAAAA STRG.5.1 gene=STRG.5
13 TCTTCTGCTTCGC STRG.20.2 gene=STRG.20
13 TCTTCCGGCCAGT STRG.57.2 gene=STRG.57
13 TCTGTGCACACCG STRG.52.1 gene=STRG.52
13 TCTGGTTGCCATG STRG.5.1 gene=STRG.5
13 TCTGGCTCTGGAT STRG.14.1 gene=STRG.14
13 TCTGGATGAGGAT STRG.47.1 gene=STRG.47
13 TCTGCGACAGTTG STRG.20.2 gene=STRG.20
13 TCTATGGCCCAAA STRG.18.1 gene=STRG.18
13 TCTATGCCTTCCC STRG.44.2 gene=STRG.44
13 TCTACCAGCGGAT STRG.13.2 gene=STRG.13
13 TCTAATGCTAATA STRG.33.2 gene=STRG.33
13 TCGTGTGTCTGTG STRG.36.1 gene=STRG.36
13 TCGTGATGCATGC STRG.35.1 gene=STRG.35
13 TCGTCTGCAGCAG STRG.5.1 gene=STRG.5
13 TCGTCCGGCAGCT STRG.35.1 gene=STRG.35
13 TCGTAATTGCTCG STRG.24.1 gene=STRG.24
13 TCGTAACATGGAC STRG.2.2 gene=STRG.2
13 TCGCTGTACATTT STRG.44.2 gene=STRG.44
13 TCGCCGCAATGCG STRG.20.2 gene=STRG.20
13 TCGAAATTTCAGT STRG.53.2 gene=STRG.53
13 TCCTTCGTCCTGG STRG.56.3 gene=STRG.56
13 TCCTTCAATTTTC STRG.31.3 gene=STRG.31
13 TCCTGGTCCCCAA STRG.5.1 gene=STRG.5
13 TCCTGCAGTTCGA STRG.53.2 gene=STRG.53
13 TCCTCTTCCCATT STRG.59.2 gene=STRG.59
13 TCCTCATCCTCAT STRG.18.1 gene=STRG.18
13 TCCGCGAATCCGC STRG.54.1 gene=STRG.54
13 TCCGCCTCGTCCC STRG.18.1 gene=STRG.18
13 TCCCTTGGCTGCA STRG.59.2 gene=STRG.59
13 TCCCTAAAAGATT STRG.2.2 gene=STRG.2
13 TCCCGTTTCCCGT STRG.38.1 gene=STRG.38
13 TCCCCAAAAGCCC STRG.36.1 gene=STRG.36
13 TCCCACCTGGCCA STRG.30.1 gene=STRG.30
13 TCCCACACCCAAG STRG.20.2 gene=STRG.20
13 TCCATTTCGCCCA STRG.31.3 gene=STRG.31
13 TCCAGTAGCAGCA STRG.20.2 gene=STRG.20
13 TCCAGAAAGGCGT STRG.13.2 gene=STRG.13
13 TCCACCCACTCCC STRG.55.1 gene=STRG.55
13 TCATTTTCCTGCG STRG.4.1 gene=STRG.4
13 TCATTAAAATTTG STRG.57.2 gene=STRG.57
13 TCATGGAGCTGGG STRG.23.2 gene=STRG.23
13 TCATCCTCATCCC STRG.59.2 gene=STRG.59
13 TCAGTTGAGACAT STRG.12.1 gene=STRG.12
13 TCAGGCCAAAAAC STRG.36.1 gene=STRG.36
13 TCAGCAGCAGGAC STRG.20.2 gene=STRG.20
13 TCAGCAGCAGCAG STRG.20.2 gene=STRG.20
13 TCAGCAACAGCAG STRG.18.1 gene=STRG.18
13 TCACATTTTGCTC STRG.59.2 gene=STRG.59
13 TCACAGAAAGTGC STRG.14.1 gene=STRG.14
13 TCAATTTGGAGCT STRG.48.2 gene=STRG.48
13 TCAATTAAAAAAA STRG.25.1 gene=STRG.25
13 TCAATGGCTCGGA STRG.33.2 gene=STRG.33
13 TCAATGGCAATGC STRG.48.2 gene=STRG.48
